2023-08-11 16:59:25.684 [info] Added views:workbench.panel.markers.view in workbench.panel.markers
2023-08-11 16:59:25.684 [info] Added views:workbench.panel.output in workbench.panel.output
2023-08-11 16:59:25.684 [info] Added views:terminal in terminal
2023-08-11 16:59:25.684 [info] Added views:outline in workbench.view.explorer
2023-08-11 16:59:25.684 [info] Added views:workbench.scm in workbench.view.scm
2023-08-11 16:59:25.684 [info] Added views:workbench.view.search in workbench.view.search
2023-08-11 16:59:25.684 [info] Added views:timeline in workbench.view.explorer
2023-08-11 16:59:25.684 [info] Added views:workbench.explorer.fileView in workbench.view.explorer
2023-08-11 16:59:25.910 [info] Added views:workbench.debug.welcome in workbench.view.debug
2023-08-11 16:59:26.028 [info] Added views:workbench.panel.repl.view in workbench.panel.repl
2023-08-11 16:59:47.227 [info] Added views:workbench.views.extensions.installed,workbench.views.extensions.popular,extensions.recommendedList in workbench.view.extensions
2023-08-11 16:59:47.229 [info] Removed views:workbench.views.extensions.popular from workbench.view.extensions
2023-08-11 16:59:47.450 [info] Added views:workbench.views.extensions.popular in workbench.view.extensions
2023-08-11 16:59:50.285 [info] Removed views:extensions.recommendedList,workbench.views.extensions.popular,workbench.views.extensions.installed from workbench.view.extensions
2023-08-11 16:59:50.294 [info] Added views:workbench.views.extensions.marketplace in workbench.view.extensions
2023-08-11 17:02:29.960 [info] Removed views:workbench.views.extensions.marketplace from workbench.view.extensions
2023-08-11 17:02:29.982 [info] Added views:workbench.views.extensions.installed,workbench.views.extensions.popular,extensions.recommendedList in workbench.view.extensions
2023-08-11 17:02:31.622 [info] Removed views:extensions.recommendedList,workbench.views.extensions.popular,workbench.views.extensions.installed from workbench.view.extensions
2023-08-11 17:02:31.633 [info] Added views:workbench.views.extensions.marketplace in workbench.view.extensions
2023-08-11 17:09:22.406 [info] Added views:workbench.debug.breakPointsView in workbench.view.debug
2023-08-11 17:16:10.529 [info] Removed views:workbench.debug.welcome from workbench.view.debug
2023-08-11 17:16:10.566 [info] Added views:workbench.debug.variablesView,workbench.debug.watchExpressionsView,workbench.debug.callStackView in workbench.view.debug
