2023-08-11T08:42:05.245Z [Modules] Modules initializing
2023-08-11T08:42:05.246Z [Modules] Distribution: remote
2023-08-11T08:42:05.246Z [Modules] Host updates: enabled
2023-08-11T08:42:05.246Z [Modules] Module updates: enabled
2023-08-11T08:42:05.246Z [Modules] Module install path: /home/manjack/.config/discord/0.0.28/modules
2023-08-11T08:42:05.246Z [Modules] Module installed file path: /home/manjack/.config/discord/0.0.28/modules/installed.json
2023-08-11T08:42:05.246Z [Modules] Module download path: /home/manjack/.config/discord/0.0.28/modules/pending
2023-08-11T08:42:05.376Z [Modules] Bootstrapping...
2023-08-11T08:42:05.377Z [Modules] Installing discord_desktop_core@0 from /opt/discord/resources/bootstrap/discord_desktop_core.zip
2023-08-11T08:42:05.377Z [Modules] Failed installing discord_desktop_core@0: Error: ENOENT: no such file or directory, open '/opt/discord/resources/bootstrap/discord_desktop_core.zip'
2023-08-11T08:42:05.378Z [Modules] Installing discord_erlpack@0 from /opt/discord/resources/bootstrap/discord_erlpack.zip
2023-08-11T08:42:05.378Z [Modules] Failed installing discord_erlpack@0: Error: ENOENT: no such file or directory, open '/opt/discord/resources/bootstrap/discord_erlpack.zip'
2023-08-11T08:42:05.379Z [Modules] Installing discord_spellcheck@0 from /opt/discord/resources/bootstrap/discord_spellcheck.zip
2023-08-11T08:42:05.379Z [Modules] Failed installing discord_spellcheck@0: Error: ENOENT: no such file or directory, open '/opt/discord/resources/bootstrap/discord_spellcheck.zip'
2023-08-11T08:42:05.389Z [Modules] Installing discord_utils@0 from /opt/discord/resources/bootstrap/discord_utils.zip
2023-08-11T08:42:05.390Z [Modules] Failed installing discord_utils@0: Error: ENOENT: no such file or directory, open '/opt/discord/resources/bootstrap/discord_utils.zip'
2023-08-11T08:42:05.390Z [Modules] Installing discord_voice@0 from /opt/discord/resources/bootstrap/discord_voice.zip
2023-08-11T08:42:05.391Z [Modules] Failed installing discord_voice@0: Error: ENOENT: no such file or directory, open '/opt/discord/resources/bootstrap/discord_voice.zip'
2023-08-11T08:42:05.391Z [Modules] Finished module installations. [success: 0] [failure: 5]
2023-08-11T08:42:05.391Z [Modules] Checking for host updates.
2023-08-11T08:42:06.134Z [Modules] Host is up to date.
2023-08-11T08:42:06.134Z [Modules] Checking for module updates at https://discord.com/api/modules/stable/versions.json
2023-08-11T08:42:06.352Z [Modules] Module update available: discord_desktop_core@1 [installed: 0]
2023-08-11T08:42:06.352Z [Modules] Module update available: discord_erlpack@1 [installed: 0]
2023-08-11T08:42:06.352Z [Modules] Module update available: discord_spellcheck@1 [installed: 0]
2023-08-11T08:42:06.352Z [Modules] Module update available: discord_utils@2 [installed: 0]
2023-08-11T08:42:06.352Z [Modules] Module update available: discord_voice@2 [installed: 0]
2023-08-11T08:42:06.352Z [Modules] Fetching discord_desktop_core@1 from https://discord.com/api/modules/stable/discord_desktop_core/1
2023-08-11T08:42:06.353Z [Modules] Streaming discord_desktop_core@1 to /home/manjack/.config/discord/0.0.28/modules/pending/discord_desktop_core-1.zip
2023-08-11T08:42:07.483Z [Modules] Streaming discord_desktop_core@1 to /home/manjack/.config/discord/0.0.28/modules/pending/discord_desktop_core-1.zip: 1%
2023-08-11T08:42:07.563Z [Modules] Streaming discord_desktop_core@1 to /home/manjack/.config/discord/0.0.28/modules/pending/discord_desktop_core-1.zip: 2%
2023-08-11T08:42:07.629Z [Modules] Streaming discord_desktop_core@1 to /home/manjack/.config/discord/0.0.28/modules/pending/discord_desktop_core-1.zip: 3%
2023-08-11T08:42:07.688Z [Modules] Streaming discord_desktop_core@1 to /home/manjack/.config/discord/0.0.28/modules/pending/discord_desktop_core-1.zip: 4%
2023-08-11T08:42:07.731Z [Modules] Streaming discord_desktop_core@1 to /home/manjack/.config/discord/0.0.28/modules/pending/discord_desktop_core-1.zip: 5%
2023-08-11T08:42:07.779Z [Modules] Streaming discord_desktop_core@1 to /home/manjack/.config/discord/0.0.28/modules/pending/discord_desktop_core-1.zip: 6%
2023-08-11T08:42:07.794Z [Modules] Streaming discord_desktop_core@1 to /home/manjack/.config/discord/0.0.28/modules/pending/discord_desktop_core-1.zip: 7%
2023-08-11T08:42:07.818Z [Modules] Streaming discord_desktop_core@1 to /home/manjack/.config/discord/0.0.28/modules/pending/discord_desktop_core-1.zip: 8%
2023-08-11T08:42:07.836Z [Modules] Streaming discord_desktop_core@1 to /home/manjack/.config/discord/0.0.28/modules/pending/discord_desktop_core-1.zip: 9%
2023-08-11T08:42:07.872Z [Modules] Streaming discord_desktop_core@1 to /home/manjack/.config/discord/0.0.28/modules/pending/discord_desktop_core-1.zip: 10%
2023-08-11T08:42:07.892Z [Modules] Streaming discord_desktop_core@1 to /home/manjack/.config/discord/0.0.28/modules/pending/discord_desktop_core-1.zip: 11%
2023-08-11T08:42:07.900Z [Modules] Streaming discord_desktop_core@1 to /home/manjack/.config/discord/0.0.28/modules/pending/discord_desktop_core-1.zip: 12%
2023-08-11T08:42:07.915Z [Modules] Streaming discord_desktop_core@1 to /home/manjack/.config/discord/0.0.28/modules/pending/discord_desktop_core-1.zip: 13%
2023-08-11T08:42:07.940Z [Modules] Streaming discord_desktop_core@1 to /home/manjack/.config/discord/0.0.28/modules/pending/discord_desktop_core-1.zip: 14%
2023-08-11T08:42:07.956Z [Modules] Streaming discord_desktop_core@1 to /home/manjack/.config/discord/0.0.28/modules/pending/discord_desktop_core-1.zip: 15%
2023-08-11T08:42:07.966Z [Modules] Streaming discord_desktop_core@1 to /home/manjack/.config/discord/0.0.28/modules/pending/discord_desktop_core-1.zip: 16%
2023-08-11T08:42:07.978Z [Modules] Streaming discord_desktop_core@1 to /home/manjack/.config/discord/0.0.28/modules/pending/discord_desktop_core-1.zip: 17%
2023-08-11T08:42:07.991Z [Modules] Streaming discord_desktop_core@1 to /home/manjack/.config/discord/0.0.28/modules/pending/discord_desktop_core-1.zip: 18%
2023-08-11T08:42:08.002Z [Modules] Streaming discord_desktop_core@1 to /home/manjack/.config/discord/0.0.28/modules/pending/discord_desktop_core-1.zip: 19%
2023-08-11T08:42:08.012Z [Modules] Streaming discord_desktop_core@1 to /home/manjack/.config/discord/0.0.28/modules/pending/discord_desktop_core-1.zip: 20%
2023-08-11T08:42:08.030Z [Modules] Streaming discord_desktop_core@1 to /home/manjack/.config/discord/0.0.28/modules/pending/discord_desktop_core-1.zip: 21%
2023-08-11T08:42:08.037Z [Modules] Streaming discord_desktop_core@1 to /home/manjack/.config/discord/0.0.28/modules/pending/discord_desktop_core-1.zip: 22%
2023-08-11T08:42:08.041Z [Modules] Streaming discord_desktop_core@1 to /home/manjack/.config/discord/0.0.28/modules/pending/discord_desktop_core-1.zip: 23%
2023-08-11T08:42:08.047Z [Modules] Streaming discord_desktop_core@1 to /home/manjack/.config/discord/0.0.28/modules/pending/discord_desktop_core-1.zip: 24%
2023-08-11T08:42:08.065Z [Modules] Streaming discord_desktop_core@1 to /home/manjack/.config/discord/0.0.28/modules/pending/discord_desktop_core-1.zip: 25%
2023-08-11T08:42:08.069Z [Modules] Streaming discord_desktop_core@1 to /home/manjack/.config/discord/0.0.28/modules/pending/discord_desktop_core-1.zip: 26%
2023-08-11T08:42:08.073Z [Modules] Streaming discord_desktop_core@1 to /home/manjack/.config/discord/0.0.28/modules/pending/discord_desktop_core-1.zip: 27%
2023-08-11T08:42:08.089Z [Modules] Streaming discord_desktop_core@1 to /home/manjack/.config/discord/0.0.28/modules/pending/discord_desktop_core-1.zip: 28%
2023-08-11T08:42:08.095Z [Modules] Streaming discord_desktop_core@1 to /home/manjack/.config/discord/0.0.28/modules/pending/discord_desktop_core-1.zip: 29%
2023-08-11T08:42:08.099Z [Modules] Streaming discord_desktop_core@1 to /home/manjack/.config/discord/0.0.28/modules/pending/discord_desktop_core-1.zip: 30%
2023-08-11T08:42:08.104Z [Modules] Streaming discord_desktop_core@1 to /home/manjack/.config/discord/0.0.28/modules/pending/discord_desktop_core-1.zip: 31%
2023-08-11T08:42:08.114Z [Modules] Streaming discord_desktop_core@1 to /home/manjack/.config/discord/0.0.28/modules/pending/discord_desktop_core-1.zip: 32%
2023-08-11T08:42:08.123Z [Modules] Streaming discord_desktop_core@1 to /home/manjack/.config/discord/0.0.28/modules/pending/discord_desktop_core-1.zip: 34%
2023-08-11T08:42:08.133Z [Modules] Streaming discord_desktop_core@1 to /home/manjack/.config/discord/0.0.28/modules/pending/discord_desktop_core-1.zip: 35%
2023-08-11T08:42:08.138Z [Modules] Streaming discord_desktop_core@1 to /home/manjack/.config/discord/0.0.28/modules/pending/discord_desktop_core-1.zip: 36%
2023-08-11T08:42:08.141Z [Modules] Streaming discord_desktop_core@1 to /home/manjack/.config/discord/0.0.28/modules/pending/discord_desktop_core-1.zip: 37%
2023-08-11T08:42:08.147Z [Modules] Streaming discord_desktop_core@1 to /home/manjack/.config/discord/0.0.28/modules/pending/discord_desktop_core-1.zip: 38%
2023-08-11T08:42:08.153Z [Modules] Streaming discord_desktop_core@1 to /home/manjack/.config/discord/0.0.28/modules/pending/discord_desktop_core-1.zip: 39%
2023-08-11T08:42:08.159Z [Modules] Streaming discord_desktop_core@1 to /home/manjack/.config/discord/0.0.28/modules/pending/discord_desktop_core-1.zip: 40%
2023-08-11T08:42:08.161Z [Modules] Streaming discord_desktop_core@1 to /home/manjack/.config/discord/0.0.28/modules/pending/discord_desktop_core-1.zip: 41%
2023-08-11T08:42:08.169Z [Modules] Streaming discord_desktop_core@1 to /home/manjack/.config/discord/0.0.28/modules/pending/discord_desktop_core-1.zip: 42%
2023-08-11T08:42:08.176Z [Modules] Streaming discord_desktop_core@1 to /home/manjack/.config/discord/0.0.28/modules/pending/discord_desktop_core-1.zip: 43%
2023-08-11T08:42:08.180Z [Modules] Streaming discord_desktop_core@1 to /home/manjack/.config/discord/0.0.28/modules/pending/discord_desktop_core-1.zip: 44%
2023-08-11T08:42:08.182Z [Modules] Streaming discord_desktop_core@1 to /home/manjack/.config/discord/0.0.28/modules/pending/discord_desktop_core-1.zip: 45%
2023-08-11T08:42:08.189Z [Modules] Streaming discord_desktop_core@1 to /home/manjack/.config/discord/0.0.28/modules/pending/discord_desktop_core-1.zip: 46%
2023-08-11T08:42:08.192Z [Modules] Streaming discord_desktop_core@1 to /home/manjack/.config/discord/0.0.28/modules/pending/discord_desktop_core-1.zip: 47%
2023-08-11T08:42:08.196Z [Modules] Streaming discord_desktop_core@1 to /home/manjack/.config/discord/0.0.28/modules/pending/discord_desktop_core-1.zip: 48%
2023-08-11T08:42:08.203Z [Modules] Streaming discord_desktop_core@1 to /home/manjack/.config/discord/0.0.28/modules/pending/discord_desktop_core-1.zip: 49%
2023-08-11T08:42:08.206Z [Modules] Streaming discord_desktop_core@1 to /home/manjack/.config/discord/0.0.28/modules/pending/discord_desktop_core-1.zip: 50%
2023-08-11T08:42:08.208Z [Modules] Streaming discord_desktop_core@1 to /home/manjack/.config/discord/0.0.28/modules/pending/discord_desktop_core-1.zip: 51%
2023-08-11T08:42:08.216Z [Modules] Streaming discord_desktop_core@1 to /home/manjack/.config/discord/0.0.28/modules/pending/discord_desktop_core-1.zip: 52%
2023-08-11T08:42:08.218Z [Modules] Streaming discord_desktop_core@1 to /home/manjack/.config/discord/0.0.28/modules/pending/discord_desktop_core-1.zip: 53%
2023-08-11T08:42:08.221Z [Modules] Streaming discord_desktop_core@1 to /home/manjack/.config/discord/0.0.28/modules/pending/discord_desktop_core-1.zip: 54%
2023-08-11T08:42:08.228Z [Modules] Streaming discord_desktop_core@1 to /home/manjack/.config/discord/0.0.28/modules/pending/discord_desktop_core-1.zip: 55%
2023-08-11T08:42:08.235Z [Modules] Streaming discord_desktop_core@1 to /home/manjack/.config/discord/0.0.28/modules/pending/discord_desktop_core-1.zip: 57%
2023-08-11T08:42:08.238Z [Modules] Streaming discord_desktop_core@1 to /home/manjack/.config/discord/0.0.28/modules/pending/discord_desktop_core-1.zip: 58%
2023-08-11T08:42:08.245Z [Modules] Streaming discord_desktop_core@1 to /home/manjack/.config/discord/0.0.28/modules/pending/discord_desktop_core-1.zip: 60%
2023-08-11T08:42:08.249Z [Modules] Streaming discord_desktop_core@1 to /home/manjack/.config/discord/0.0.28/modules/pending/discord_desktop_core-1.zip: 61%
2023-08-11T08:42:08.254Z [Modules] Streaming discord_desktop_core@1 to /home/manjack/.config/discord/0.0.28/modules/pending/discord_desktop_core-1.zip: 62%
2023-08-11T08:42:08.255Z [Modules] Streaming discord_desktop_core@1 to /home/manjack/.config/discord/0.0.28/modules/pending/discord_desktop_core-1.zip: 63%
2023-08-11T08:42:08.260Z [Modules] Streaming discord_desktop_core@1 to /home/manjack/.config/discord/0.0.28/modules/pending/discord_desktop_core-1.zip: 64%
2023-08-11T08:42:08.263Z [Modules] Streaming discord_desktop_core@1 to /home/manjack/.config/discord/0.0.28/modules/pending/discord_desktop_core-1.zip: 65%
2023-08-11T08:42:08.268Z [Modules] Streaming discord_desktop_core@1 to /home/manjack/.config/discord/0.0.28/modules/pending/discord_desktop_core-1.zip: 66%
2023-08-11T08:42:08.271Z [Modules] Streaming discord_desktop_core@1 to /home/manjack/.config/discord/0.0.28/modules/pending/discord_desktop_core-1.zip: 67%
2023-08-11T08:42:08.273Z [Modules] Streaming discord_desktop_core@1 to /home/manjack/.config/discord/0.0.28/modules/pending/discord_desktop_core-1.zip: 68%
2023-08-11T08:42:08.275Z [Modules] Streaming discord_desktop_core@1 to /home/manjack/.config/discord/0.0.28/modules/pending/discord_desktop_core-1.zip: 69%
2023-08-11T08:42:08.280Z [Modules] Streaming discord_desktop_core@1 to /home/manjack/.config/discord/0.0.28/modules/pending/discord_desktop_core-1.zip: 71%
2023-08-11T08:42:08.283Z [Modules] Streaming discord_desktop_core@1 to /home/manjack/.config/discord/0.0.28/modules/pending/discord_desktop_core-1.zip: 72%
2023-08-11T08:42:08.288Z [Modules] Streaming discord_desktop_core@1 to /home/manjack/.config/discord/0.0.28/modules/pending/discord_desktop_core-1.zip: 73%
2023-08-11T08:42:08.292Z [Modules] Streaming discord_desktop_core@1 to /home/manjack/.config/discord/0.0.28/modules/pending/discord_desktop_core-1.zip: 75%
2023-08-11T08:42:08.294Z [Modules] Streaming discord_desktop_core@1 to /home/manjack/.config/discord/0.0.28/modules/pending/discord_desktop_core-1.zip: 76%
2023-08-11T08:42:08.300Z [Modules] Streaming discord_desktop_core@1 to /home/manjack/.config/discord/0.0.28/modules/pending/discord_desktop_core-1.zip: 78%
2023-08-11T08:42:08.303Z [Modules] Streaming discord_desktop_core@1 to /home/manjack/.config/discord/0.0.28/modules/pending/discord_desktop_core-1.zip: 79%
2023-08-11T08:42:08.307Z [Modules] Streaming discord_desktop_core@1 to /home/manjack/.config/discord/0.0.28/modules/pending/discord_desktop_core-1.zip: 80%
2023-08-11T08:42:08.310Z [Modules] Streaming discord_desktop_core@1 to /home/manjack/.config/discord/0.0.28/modules/pending/discord_desktop_core-1.zip: 81%
2023-08-11T08:42:08.311Z [Modules] Streaming discord_desktop_core@1 to /home/manjack/.config/discord/0.0.28/modules/pending/discord_desktop_core-1.zip: 82%
2023-08-11T08:42:08.313Z [Modules] Streaming discord_desktop_core@1 to /home/manjack/.config/discord/0.0.28/modules/pending/discord_desktop_core-1.zip: 83%
2023-08-11T08:42:08.318Z [Modules] Streaming discord_desktop_core@1 to /home/manjack/.config/discord/0.0.28/modules/pending/discord_desktop_core-1.zip: 84%
2023-08-11T08:42:08.320Z [Modules] Streaming discord_desktop_core@1 to /home/manjack/.config/discord/0.0.28/modules/pending/discord_desktop_core-1.zip: 85%
2023-08-11T08:42:08.322Z [Modules] Streaming discord_desktop_core@1 to /home/manjack/.config/discord/0.0.28/modules/pending/discord_desktop_core-1.zip: 86%
2023-08-11T08:42:08.327Z [Modules] Streaming discord_desktop_core@1 to /home/manjack/.config/discord/0.0.28/modules/pending/discord_desktop_core-1.zip: 88%
2023-08-11T08:42:08.329Z [Modules] Streaming discord_desktop_core@1 to /home/manjack/.config/discord/0.0.28/modules/pending/discord_desktop_core-1.zip: 89%
2023-08-11T08:42:08.333Z [Modules] Streaming discord_desktop_core@1 to /home/manjack/.config/discord/0.0.28/modules/pending/discord_desktop_core-1.zip: 90%
2023-08-11T08:42:08.338Z [Modules] Streaming discord_desktop_core@1 to /home/manjack/.config/discord/0.0.28/modules/pending/discord_desktop_core-1.zip: 92%
2023-08-11T08:42:08.343Z [Modules] Streaming discord_desktop_core@1 to /home/manjack/.config/discord/0.0.28/modules/pending/discord_desktop_core-1.zip: 94%
2023-08-11T08:42:08.345Z [Modules] Streaming discord_desktop_core@1 to /home/manjack/.config/discord/0.0.28/modules/pending/discord_desktop_core-1.zip: 95%
2023-08-11T08:42:08.347Z [Modules] Streaming discord_desktop_core@1 to /home/manjack/.config/discord/0.0.28/modules/pending/discord_desktop_core-1.zip: 96%
2023-08-11T08:42:08.350Z [Modules] Streaming discord_desktop_core@1 to /home/manjack/.config/discord/0.0.28/modules/pending/discord_desktop_core-1.zip: 97%
2023-08-11T08:42:08.353Z [Modules] Streaming discord_desktop_core@1 to /home/manjack/.config/discord/0.0.28/modules/pending/discord_desktop_core-1.zip: 99%
2023-08-11T08:42:08.353Z [Modules] Streaming discord_desktop_core@1 to /home/manjack/.config/discord/0.0.28/modules/pending/discord_desktop_core-1.zip: 100%
2023-08-11T08:42:08.354Z [Modules] Fetching discord_erlpack@1 from https://discord.com/api/modules/stable/discord_erlpack/1
2023-08-11T08:42:08.354Z [Modules] Streaming discord_erlpack@1 to /home/manjack/.config/discord/0.0.28/modules/pending/discord_erlpack-1.zip
2023-08-11T08:42:08.866Z [Modules] Streaming discord_erlpack@1 to /home/manjack/.config/discord/0.0.28/modules/pending/discord_erlpack-1.zip: 3%
2023-08-11T08:42:08.872Z [Modules] Streaming discord_erlpack@1 to /home/manjack/.config/discord/0.0.28/modules/pending/discord_erlpack-1.zip: 7%
2023-08-11T08:42:08.874Z [Modules] Streaming discord_erlpack@1 to /home/manjack/.config/discord/0.0.28/modules/pending/discord_erlpack-1.zip: 8%
2023-08-11T08:42:08.875Z [Modules] Streaming discord_erlpack@1 to /home/manjack/.config/discord/0.0.28/modules/pending/discord_erlpack-1.zip: 9%
2023-08-11T08:42:08.880Z [Modules] Streaming discord_erlpack@1 to /home/manjack/.config/discord/0.0.28/modules/pending/discord_erlpack-1.zip: 13%
2023-08-11T08:42:08.887Z [Modules] Streaming discord_erlpack@1 to /home/manjack/.config/discord/0.0.28/modules/pending/discord_erlpack-1.zip: 17%
2023-08-11T08:42:08.890Z [Modules] Streaming discord_erlpack@1 to /home/manjack/.config/discord/0.0.28/modules/pending/discord_erlpack-1.zip: 19%
2023-08-11T08:42:08.895Z [Modules] Streaming discord_erlpack@1 to /home/manjack/.config/discord/0.0.28/modules/pending/discord_erlpack-1.zip: 22%
2023-08-11T08:42:08.898Z [Modules] Streaming discord_erlpack@1 to /home/manjack/.config/discord/0.0.28/modules/pending/discord_erlpack-1.zip: 24%
2023-08-11T08:42:08.900Z [Modules] Streaming discord_erlpack@1 to /home/manjack/.config/discord/0.0.28/modules/pending/discord_erlpack-1.zip: 25%
2023-08-11T08:42:08.902Z [Modules] Streaming discord_erlpack@1 to /home/manjack/.config/discord/0.0.28/modules/pending/discord_erlpack-1.zip: 26%
2023-08-11T08:42:08.907Z [Modules] Streaming discord_erlpack@1 to /home/manjack/.config/discord/0.0.28/modules/pending/discord_erlpack-1.zip: 28%
2023-08-11T08:42:08.909Z [Modules] Streaming discord_erlpack@1 to /home/manjack/.config/discord/0.0.28/modules/pending/discord_erlpack-1.zip: 29%
2023-08-11T08:42:08.911Z [Modules] Streaming discord_erlpack@1 to /home/manjack/.config/discord/0.0.28/modules/pending/discord_erlpack-1.zip: 30%
2023-08-11T08:42:08.914Z [Modules] Streaming discord_erlpack@1 to /home/manjack/.config/discord/0.0.28/modules/pending/discord_erlpack-1.zip: 32%
2023-08-11T08:42:08.916Z [Modules] Streaming discord_erlpack@1 to /home/manjack/.config/discord/0.0.28/modules/pending/discord_erlpack-1.zip: 34%
2023-08-11T08:42:08.918Z [Modules] Streaming discord_erlpack@1 to /home/manjack/.config/discord/0.0.28/modules/pending/discord_erlpack-1.zip: 35%
2023-08-11T08:42:08.923Z [Modules] Streaming discord_erlpack@1 to /home/manjack/.config/discord/0.0.28/modules/pending/discord_erlpack-1.zip: 38%
2023-08-11T08:42:08.927Z [Modules] Streaming discord_erlpack@1 to /home/manjack/.config/discord/0.0.28/modules/pending/discord_erlpack-1.zip: 42%
2023-08-11T08:42:08.933Z [Modules] Streaming discord_erlpack@1 to /home/manjack/.config/discord/0.0.28/modules/pending/discord_erlpack-1.zip: 45%
2023-08-11T08:42:08.936Z [Modules] Streaming discord_erlpack@1 to /home/manjack/.config/discord/0.0.28/modules/pending/discord_erlpack-1.zip: 47%
2023-08-11T08:42:08.941Z [Modules] Streaming discord_erlpack@1 to /home/manjack/.config/discord/0.0.28/modules/pending/discord_erlpack-1.zip: 49%
2023-08-11T08:42:08.942Z [Modules] Streaming discord_erlpack@1 to /home/manjack/.config/discord/0.0.28/modules/pending/discord_erlpack-1.zip: 50%
2023-08-11T08:42:08.944Z [Modules] Streaming discord_erlpack@1 to /home/manjack/.config/discord/0.0.28/modules/pending/discord_erlpack-1.zip: 51%
2023-08-11T08:42:08.945Z [Modules] Streaming discord_erlpack@1 to /home/manjack/.config/discord/0.0.28/modules/pending/discord_erlpack-1.zip: 52%
2023-08-11T08:42:08.951Z [Modules] Streaming discord_erlpack@1 to /home/manjack/.config/discord/0.0.28/modules/pending/discord_erlpack-1.zip: 55%
2023-08-11T08:42:08.956Z [Modules] Streaming discord_erlpack@1 to /home/manjack/.config/discord/0.0.28/modules/pending/discord_erlpack-1.zip: 59%
2023-08-11T08:42:08.960Z [Modules] Streaming discord_erlpack@1 to /home/manjack/.config/discord/0.0.28/modules/pending/discord_erlpack-1.zip: 63%
2023-08-11T08:42:08.965Z [Modules] Streaming discord_erlpack@1 to /home/manjack/.config/discord/0.0.28/modules/pending/discord_erlpack-1.zip: 65%
2023-08-11T08:42:08.968Z [Modules] Streaming discord_erlpack@1 to /home/manjack/.config/discord/0.0.28/modules/pending/discord_erlpack-1.zip: 67%
2023-08-11T08:42:08.973Z [Modules] Streaming discord_erlpack@1 to /home/manjack/.config/discord/0.0.28/modules/pending/discord_erlpack-1.zip: 69%
2023-08-11T08:42:08.977Z [Modules] Streaming discord_erlpack@1 to /home/manjack/.config/discord/0.0.28/modules/pending/discord_erlpack-1.zip: 71%
2023-08-11T08:42:09.015Z [Modules] Streaming discord_erlpack@1 to /home/manjack/.config/discord/0.0.28/modules/pending/discord_erlpack-1.zip: 75%
2023-08-11T08:42:09.017Z [Modules] Streaming discord_erlpack@1 to /home/manjack/.config/discord/0.0.28/modules/pending/discord_erlpack-1.zip: 77%
2023-08-11T08:42:09.020Z [Modules] Streaming discord_erlpack@1 to /home/manjack/.config/discord/0.0.28/modules/pending/discord_erlpack-1.zip: 81%
2023-08-11T08:42:09.022Z [Modules] Streaming discord_erlpack@1 to /home/manjack/.config/discord/0.0.28/modules/pending/discord_erlpack-1.zip: 82%
2023-08-11T08:42:09.025Z [Modules] Streaming discord_erlpack@1 to /home/manjack/.config/discord/0.0.28/modules/pending/discord_erlpack-1.zip: 85%
2023-08-11T08:42:09.028Z [Modules] Streaming discord_erlpack@1 to /home/manjack/.config/discord/0.0.28/modules/pending/discord_erlpack-1.zip: 88%
2023-08-11T08:42:09.031Z [Modules] Streaming discord_erlpack@1 to /home/manjack/.config/discord/0.0.28/modules/pending/discord_erlpack-1.zip: 90%
2023-08-11T08:42:09.034Z [Modules] Streaming discord_erlpack@1 to /home/manjack/.config/discord/0.0.28/modules/pending/discord_erlpack-1.zip: 92%
2023-08-11T08:42:09.038Z [Modules] Streaming discord_erlpack@1 to /home/manjack/.config/discord/0.0.28/modules/pending/discord_erlpack-1.zip: 95%
2023-08-11T08:42:09.041Z [Modules] Streaming discord_erlpack@1 to /home/manjack/.config/discord/0.0.28/modules/pending/discord_erlpack-1.zip: 98%
2023-08-11T08:42:09.041Z [Modules] Streaming discord_erlpack@1 to /home/manjack/.config/discord/0.0.28/modules/pending/discord_erlpack-1.zip: 100%
2023-08-11T08:42:09.043Z [Modules] Fetching discord_spellcheck@1 from https://discord.com/api/modules/stable/discord_spellcheck/1
2023-08-11T08:42:09.043Z [Modules] Streaming discord_spellcheck@1 to /home/manjack/.config/discord/0.0.28/modules/pending/discord_spellcheck-1.zip
2023-08-11T08:42:09.562Z [Modules] Streaming discord_spellcheck@1 to /home/manjack/.config/discord/0.0.28/modules/pending/discord_spellcheck-1.zip: 1%
2023-08-11T08:42:09.571Z [Modules] Streaming discord_spellcheck@1 to /home/manjack/.config/discord/0.0.28/modules/pending/discord_spellcheck-1.zip: 2%
2023-08-11T08:42:09.581Z [Modules] Streaming discord_spellcheck@1 to /home/manjack/.config/discord/0.0.28/modules/pending/discord_spellcheck-1.zip: 3%
2023-08-11T08:42:09.587Z [Modules] Streaming discord_spellcheck@1 to /home/manjack/.config/discord/0.0.28/modules/pending/discord_spellcheck-1.zip: 4%
2023-08-11T08:42:09.594Z [Modules] Streaming discord_spellcheck@1 to /home/manjack/.config/discord/0.0.28/modules/pending/discord_spellcheck-1.zip: 5%
2023-08-11T08:42:09.609Z [Modules] Streaming discord_spellcheck@1 to /home/manjack/.config/discord/0.0.28/modules/pending/discord_spellcheck-1.zip: 6%
2023-08-11T08:42:09.616Z [Modules] Streaming discord_spellcheck@1 to /home/manjack/.config/discord/0.0.28/modules/pending/discord_spellcheck-1.zip: 7%
2023-08-11T08:42:09.624Z [Modules] Streaming discord_spellcheck@1 to /home/manjack/.config/discord/0.0.28/modules/pending/discord_spellcheck-1.zip: 8%
2023-08-11T08:42:09.634Z [Modules] Streaming discord_spellcheck@1 to /home/manjack/.config/discord/0.0.28/modules/pending/discord_spellcheck-1.zip: 9%
2023-08-11T08:42:09.641Z [Modules] Streaming discord_spellcheck@1 to /home/manjack/.config/discord/0.0.28/modules/pending/discord_spellcheck-1.zip: 10%
2023-08-11T08:42:09.650Z [Modules] Streaming discord_spellcheck@1 to /home/manjack/.config/discord/0.0.28/modules/pending/discord_spellcheck-1.zip: 11%
2023-08-11T08:42:09.659Z [Modules] Streaming discord_spellcheck@1 to /home/manjack/.config/discord/0.0.28/modules/pending/discord_spellcheck-1.zip: 12%
2023-08-11T08:42:09.667Z [Modules] Streaming discord_spellcheck@1 to /home/manjack/.config/discord/0.0.28/modules/pending/discord_spellcheck-1.zip: 13%
2023-08-11T08:42:09.843Z [Modules] Streaming discord_spellcheck@1 to /home/manjack/.config/discord/0.0.28/modules/pending/discord_spellcheck-1.zip: 14%
2023-08-11T08:42:09.844Z [Modules] Streaming discord_spellcheck@1 to /home/manjack/.config/discord/0.0.28/modules/pending/discord_spellcheck-1.zip: 15%
2023-08-11T08:42:09.858Z [Modules] Streaming discord_spellcheck@1 to /home/manjack/.config/discord/0.0.28/modules/pending/discord_spellcheck-1.zip: 16%
2023-08-11T08:42:09.860Z [Modules] Streaming discord_spellcheck@1 to /home/manjack/.config/discord/0.0.28/modules/pending/discord_spellcheck-1.zip: 17%
2023-08-11T08:42:09.925Z [Modules] Streaming discord_spellcheck@1 to /home/manjack/.config/discord/0.0.28/modules/pending/discord_spellcheck-1.zip: 18%
2023-08-11T08:42:09.926Z [Modules] Streaming discord_spellcheck@1 to /home/manjack/.config/discord/0.0.28/modules/pending/discord_spellcheck-1.zip: 19%
2023-08-11T08:42:09.927Z [Modules] Streaming discord_spellcheck@1 to /home/manjack/.config/discord/0.0.28/modules/pending/discord_spellcheck-1.zip: 20%
2023-08-11T08:42:09.928Z [Modules] Streaming discord_spellcheck@1 to /home/manjack/.config/discord/0.0.28/modules/pending/discord_spellcheck-1.zip: 21%
2023-08-11T08:42:09.932Z [Modules] Streaming discord_spellcheck@1 to /home/manjack/.config/discord/0.0.28/modules/pending/discord_spellcheck-1.zip: 22%
2023-08-11T08:42:09.934Z [Modules] Streaming discord_spellcheck@1 to /home/manjack/.config/discord/0.0.28/modules/pending/discord_spellcheck-1.zip: 23%
2023-08-11T08:42:10.011Z [Modules] Streaming discord_spellcheck@1 to /home/manjack/.config/discord/0.0.28/modules/pending/discord_spellcheck-1.zip: 24%
2023-08-11T08:42:10.013Z [Modules] Streaming discord_spellcheck@1 to /home/manjack/.config/discord/0.0.28/modules/pending/discord_spellcheck-1.zip: 25%
2023-08-11T08:42:10.015Z [Modules] Streaming discord_spellcheck@1 to /home/manjack/.config/discord/0.0.28/modules/pending/discord_spellcheck-1.zip: 26%
2023-08-11T08:42:10.017Z [Modules] Streaming discord_spellcheck@1 to /home/manjack/.config/discord/0.0.28/modules/pending/discord_spellcheck-1.zip: 27%
2023-08-11T08:42:10.017Z [Modules] Streaming discord_spellcheck@1 to /home/manjack/.config/discord/0.0.28/modules/pending/discord_spellcheck-1.zip: 28%
2023-08-11T08:42:10.020Z [Modules] Streaming discord_spellcheck@1 to /home/manjack/.config/discord/0.0.28/modules/pending/discord_spellcheck-1.zip: 29%
2023-08-11T08:42:10.021Z [Modules] Streaming discord_spellcheck@1 to /home/manjack/.config/discord/0.0.28/modules/pending/discord_spellcheck-1.zip: 30%
2023-08-11T08:42:10.022Z [Modules] Streaming discord_spellcheck@1 to /home/manjack/.config/discord/0.0.28/modules/pending/discord_spellcheck-1.zip: 31%
2023-08-11T08:42:10.022Z [Modules] Streaming discord_spellcheck@1 to /home/manjack/.config/discord/0.0.28/modules/pending/discord_spellcheck-1.zip: 32%
2023-08-11T08:42:10.025Z [Modules] Streaming discord_spellcheck@1 to /home/manjack/.config/discord/0.0.28/modules/pending/discord_spellcheck-1.zip: 33%
2023-08-11T08:42:10.026Z [Modules] Streaming discord_spellcheck@1 to /home/manjack/.config/discord/0.0.28/modules/pending/discord_spellcheck-1.zip: 34%
2023-08-11T08:42:10.027Z [Modules] Streaming discord_spellcheck@1 to /home/manjack/.config/discord/0.0.28/modules/pending/discord_spellcheck-1.zip: 35%
2023-08-11T08:42:10.028Z [Modules] Streaming discord_spellcheck@1 to /home/manjack/.config/discord/0.0.28/modules/pending/discord_spellcheck-1.zip: 36%
2023-08-11T08:42:10.029Z [Modules] Streaming discord_spellcheck@1 to /home/manjack/.config/discord/0.0.28/modules/pending/discord_spellcheck-1.zip: 37%
2023-08-11T08:42:10.033Z [Modules] Streaming discord_spellcheck@1 to /home/manjack/.config/discord/0.0.28/modules/pending/discord_spellcheck-1.zip: 38%
2023-08-11T08:42:10.034Z [Modules] Streaming discord_spellcheck@1 to /home/manjack/.config/discord/0.0.28/modules/pending/discord_spellcheck-1.zip: 39%
2023-08-11T08:42:10.036Z [Modules] Streaming discord_spellcheck@1 to /home/manjack/.config/discord/0.0.28/modules/pending/discord_spellcheck-1.zip: 40%
2023-08-11T08:42:10.036Z [Modules] Streaming discord_spellcheck@1 to /home/manjack/.config/discord/0.0.28/modules/pending/discord_spellcheck-1.zip: 41%
2023-08-11T08:42:10.037Z [Modules] Streaming discord_spellcheck@1 to /home/manjack/.config/discord/0.0.28/modules/pending/discord_spellcheck-1.zip: 42%
2023-08-11T08:42:10.038Z [Modules] Streaming discord_spellcheck@1 to /home/manjack/.config/discord/0.0.28/modules/pending/discord_spellcheck-1.zip: 43%
2023-08-11T08:42:10.041Z [Modules] Streaming discord_spellcheck@1 to /home/manjack/.config/discord/0.0.28/modules/pending/discord_spellcheck-1.zip: 44%
2023-08-11T08:42:10.041Z [Modules] Streaming discord_spellcheck@1 to /home/manjack/.config/discord/0.0.28/modules/pending/discord_spellcheck-1.zip: 45%
2023-08-11T08:42:10.042Z [Modules] Streaming discord_spellcheck@1 to /home/manjack/.config/discord/0.0.28/modules/pending/discord_spellcheck-1.zip: 46%
2023-08-11T08:42:10.043Z [Modules] Streaming discord_spellcheck@1 to /home/manjack/.config/discord/0.0.28/modules/pending/discord_spellcheck-1.zip: 47%
2023-08-11T08:42:10.045Z [Modules] Streaming discord_spellcheck@1 to /home/manjack/.config/discord/0.0.28/modules/pending/discord_spellcheck-1.zip: 48%
2023-08-11T08:42:10.046Z [Modules] Streaming discord_spellcheck@1 to /home/manjack/.config/discord/0.0.28/modules/pending/discord_spellcheck-1.zip: 49%
2023-08-11T08:42:10.051Z [Modules] Streaming discord_spellcheck@1 to /home/manjack/.config/discord/0.0.28/modules/pending/discord_spellcheck-1.zip: 50%
2023-08-11T08:42:10.059Z [Modules] Streaming discord_spellcheck@1 to /home/manjack/.config/discord/0.0.28/modules/pending/discord_spellcheck-1.zip: 51%
2023-08-11T08:42:10.068Z [Modules] Streaming discord_spellcheck@1 to /home/manjack/.config/discord/0.0.28/modules/pending/discord_spellcheck-1.zip: 52%
2023-08-11T08:42:10.076Z [Modules] Streaming discord_spellcheck@1 to /home/manjack/.config/discord/0.0.28/modules/pending/discord_spellcheck-1.zip: 53%
2023-08-11T08:42:10.085Z [Modules] Streaming discord_spellcheck@1 to /home/manjack/.config/discord/0.0.28/modules/pending/discord_spellcheck-1.zip: 54%
2023-08-11T08:42:10.146Z [Modules] Streaming discord_spellcheck@1 to /home/manjack/.config/discord/0.0.28/modules/pending/discord_spellcheck-1.zip: 55%
2023-08-11T08:42:10.147Z [Modules] Streaming discord_spellcheck@1 to /home/manjack/.config/discord/0.0.28/modules/pending/discord_spellcheck-1.zip: 56%
2023-08-11T08:42:10.149Z [Modules] Streaming discord_spellcheck@1 to /home/manjack/.config/discord/0.0.28/modules/pending/discord_spellcheck-1.zip: 57%
2023-08-11T08:42:10.154Z [Modules] Streaming discord_spellcheck@1 to /home/manjack/.config/discord/0.0.28/modules/pending/discord_spellcheck-1.zip: 58%
2023-08-11T08:42:10.157Z [Modules] Streaming discord_spellcheck@1 to /home/manjack/.config/discord/0.0.28/modules/pending/discord_spellcheck-1.zip: 59%
2023-08-11T08:42:10.166Z [Modules] Streaming discord_spellcheck@1 to /home/manjack/.config/discord/0.0.28/modules/pending/discord_spellcheck-1.zip: 60%
2023-08-11T08:42:10.172Z [Modules] Streaming discord_spellcheck@1 to /home/manjack/.config/discord/0.0.28/modules/pending/discord_spellcheck-1.zip: 61%
2023-08-11T08:42:10.178Z [Modules] Streaming discord_spellcheck@1 to /home/manjack/.config/discord/0.0.28/modules/pending/discord_spellcheck-1.zip: 62%
2023-08-11T08:42:10.241Z [Modules] Streaming discord_spellcheck@1 to /home/manjack/.config/discord/0.0.28/modules/pending/discord_spellcheck-1.zip: 63%
2023-08-11T08:42:10.248Z [Modules] Streaming discord_spellcheck@1 to /home/manjack/.config/discord/0.0.28/modules/pending/discord_spellcheck-1.zip: 64%
2023-08-11T08:42:10.256Z [Modules] Streaming discord_spellcheck@1 to /home/manjack/.config/discord/0.0.28/modules/pending/discord_spellcheck-1.zip: 65%
2023-08-11T08:42:10.267Z [Modules] Streaming discord_spellcheck@1 to /home/manjack/.config/discord/0.0.28/modules/pending/discord_spellcheck-1.zip: 66%
2023-08-11T08:42:10.274Z [Modules] Streaming discord_spellcheck@1 to /home/manjack/.config/discord/0.0.28/modules/pending/discord_spellcheck-1.zip: 67%
2023-08-11T08:42:10.282Z [Modules] Streaming discord_spellcheck@1 to /home/manjack/.config/discord/0.0.28/modules/pending/discord_spellcheck-1.zip: 68%
2023-08-11T08:42:10.295Z [Modules] Streaming discord_spellcheck@1 to /home/manjack/.config/discord/0.0.28/modules/pending/discord_spellcheck-1.zip: 69%
2023-08-11T08:42:10.305Z [Modules] Streaming discord_spellcheck@1 to /home/manjack/.config/discord/0.0.28/modules/pending/discord_spellcheck-1.zip: 70%
2023-08-11T08:42:10.312Z [Modules] Streaming discord_spellcheck@1 to /home/manjack/.config/discord/0.0.28/modules/pending/discord_spellcheck-1.zip: 71%
2023-08-11T08:42:10.324Z [Modules] Streaming discord_spellcheck@1 to /home/manjack/.config/discord/0.0.28/modules/pending/discord_spellcheck-1.zip: 72%
2023-08-11T08:42:10.336Z [Modules] Streaming discord_spellcheck@1 to /home/manjack/.config/discord/0.0.28/modules/pending/discord_spellcheck-1.zip: 73%
2023-08-11T08:42:10.342Z [Modules] Streaming discord_spellcheck@1 to /home/manjack/.config/discord/0.0.28/modules/pending/discord_spellcheck-1.zip: 74%
2023-08-11T08:42:10.351Z [Modules] Streaming discord_spellcheck@1 to /home/manjack/.config/discord/0.0.28/modules/pending/discord_spellcheck-1.zip: 75%
2023-08-11T08:42:10.361Z [Modules] Streaming discord_spellcheck@1 to /home/manjack/.config/discord/0.0.28/modules/pending/discord_spellcheck-1.zip: 76%
2023-08-11T08:42:10.371Z [Modules] Streaming discord_spellcheck@1 to /home/manjack/.config/discord/0.0.28/modules/pending/discord_spellcheck-1.zip: 77%
2023-08-11T08:42:10.383Z [Modules] Streaming discord_spellcheck@1 to /home/manjack/.config/discord/0.0.28/modules/pending/discord_spellcheck-1.zip: 78%
2023-08-11T08:42:10.391Z [Modules] Streaming discord_spellcheck@1 to /home/manjack/.config/discord/0.0.28/modules/pending/discord_spellcheck-1.zip: 79%
2023-08-11T08:42:10.398Z [Modules] Streaming discord_spellcheck@1 to /home/manjack/.config/discord/0.0.28/modules/pending/discord_spellcheck-1.zip: 80%
2023-08-11T08:42:10.408Z [Modules] Streaming discord_spellcheck@1 to /home/manjack/.config/discord/0.0.28/modules/pending/discord_spellcheck-1.zip: 81%
2023-08-11T08:42:10.415Z [Modules] Streaming discord_spellcheck@1 to /home/manjack/.config/discord/0.0.28/modules/pending/discord_spellcheck-1.zip: 82%
2023-08-11T08:42:10.425Z [Modules] Streaming discord_spellcheck@1 to /home/manjack/.config/discord/0.0.28/modules/pending/discord_spellcheck-1.zip: 83%
2023-08-11T08:42:10.436Z [Modules] Streaming discord_spellcheck@1 to /home/manjack/.config/discord/0.0.28/modules/pending/discord_spellcheck-1.zip: 84%
2023-08-11T08:42:10.442Z [Modules] Streaming discord_spellcheck@1 to /home/manjack/.config/discord/0.0.28/modules/pending/discord_spellcheck-1.zip: 85%
2023-08-11T08:42:10.448Z [Modules] Streaming discord_spellcheck@1 to /home/manjack/.config/discord/0.0.28/modules/pending/discord_spellcheck-1.zip: 86%
2023-08-11T08:42:10.458Z [Modules] Streaming discord_spellcheck@1 to /home/manjack/.config/discord/0.0.28/modules/pending/discord_spellcheck-1.zip: 87%
2023-08-11T08:42:10.470Z [Modules] Streaming discord_spellcheck@1 to /home/manjack/.config/discord/0.0.28/modules/pending/discord_spellcheck-1.zip: 88%
2023-08-11T08:42:10.475Z [Modules] Streaming discord_spellcheck@1 to /home/manjack/.config/discord/0.0.28/modules/pending/discord_spellcheck-1.zip: 89%
2023-08-11T08:42:10.487Z [Modules] Streaming discord_spellcheck@1 to /home/manjack/.config/discord/0.0.28/modules/pending/discord_spellcheck-1.zip: 90%
2023-08-11T08:42:10.493Z [Modules] Streaming discord_spellcheck@1 to /home/manjack/.config/discord/0.0.28/modules/pending/discord_spellcheck-1.zip: 91%
2023-08-11T08:42:10.506Z [Modules] Streaming discord_spellcheck@1 to /home/manjack/.config/discord/0.0.28/modules/pending/discord_spellcheck-1.zip: 92%
2023-08-11T08:42:10.510Z [Modules] Streaming discord_spellcheck@1 to /home/manjack/.config/discord/0.0.28/modules/pending/discord_spellcheck-1.zip: 93%
2023-08-11T08:42:10.520Z [Modules] Streaming discord_spellcheck@1 to /home/manjack/.config/discord/0.0.28/modules/pending/discord_spellcheck-1.zip: 94%
2023-08-11T08:42:10.564Z [Modules] Streaming discord_spellcheck@1 to /home/manjack/.config/discord/0.0.28/modules/pending/discord_spellcheck-1.zip: 95%
2023-08-11T08:42:10.573Z [Modules] Streaming discord_spellcheck@1 to /home/manjack/.config/discord/0.0.28/modules/pending/discord_spellcheck-1.zip: 96%
2023-08-11T08:42:10.579Z [Modules] Streaming discord_spellcheck@1 to /home/manjack/.config/discord/0.0.28/modules/pending/discord_spellcheck-1.zip: 97%
2023-08-11T08:42:10.585Z [Modules] Streaming discord_spellcheck@1 to /home/manjack/.config/discord/0.0.28/modules/pending/discord_spellcheck-1.zip: 98%
2023-08-11T08:42:10.592Z [Modules] Streaming discord_spellcheck@1 to /home/manjack/.config/discord/0.0.28/modules/pending/discord_spellcheck-1.zip: 99%
2023-08-11T08:42:10.598Z [Modules] Streaming discord_spellcheck@1 to /home/manjack/.config/discord/0.0.28/modules/pending/discord_spellcheck-1.zip: 100%
2023-08-11T08:42:10.599Z [Modules] Fetching discord_utils@2 from https://discord.com/api/modules/stable/discord_utils/2
2023-08-11T08:42:10.599Z [Modules] Streaming discord_utils@2 to /home/manjack/.config/discord/0.0.28/modules/pending/discord_utils-2.zip
2023-08-11T08:42:11.132Z [Modules] Streaming discord_utils@2 to /home/manjack/.config/discord/0.0.28/modules/pending/discord_utils-2.zip: 1%
2023-08-11T08:42:11.133Z [Modules] Streaming discord_utils@2 to /home/manjack/.config/discord/0.0.28/modules/pending/discord_utils-2.zip: 2%
2023-08-11T08:42:11.138Z [Modules] Streaming discord_utils@2 to /home/manjack/.config/discord/0.0.28/modules/pending/discord_utils-2.zip: 3%
2023-08-11T08:42:11.141Z [Modules] Streaming discord_utils@2 to /home/manjack/.config/discord/0.0.28/modules/pending/discord_utils-2.zip: 4%
2023-08-11T08:42:11.144Z [Modules] Streaming discord_utils@2 to /home/manjack/.config/discord/0.0.28/modules/pending/discord_utils-2.zip: 5%
2023-08-11T08:42:11.145Z [Modules] Streaming discord_utils@2 to /home/manjack/.config/discord/0.0.28/modules/pending/discord_utils-2.zip: 6%
2023-08-11T08:42:11.151Z [Modules] Streaming discord_utils@2 to /home/manjack/.config/discord/0.0.28/modules/pending/discord_utils-2.zip: 8%
2023-08-11T08:42:11.156Z [Modules] Streaming discord_utils@2 to /home/manjack/.config/discord/0.0.28/modules/pending/discord_utils-2.zip: 9%
2023-08-11T08:42:11.160Z [Modules] Streaming discord_utils@2 to /home/manjack/.config/discord/0.0.28/modules/pending/discord_utils-2.zip: 10%
2023-08-11T08:42:11.162Z [Modules] Streaming discord_utils@2 to /home/manjack/.config/discord/0.0.28/modules/pending/discord_utils-2.zip: 11%
2023-08-11T08:42:11.166Z [Modules] Streaming discord_utils@2 to /home/manjack/.config/discord/0.0.28/modules/pending/discord_utils-2.zip: 13%
2023-08-11T08:42:11.170Z [Modules] Streaming discord_utils@2 to /home/manjack/.config/discord/0.0.28/modules/pending/discord_utils-2.zip: 14%
2023-08-11T08:42:11.174Z [Modules] Streaming discord_utils@2 to /home/manjack/.config/discord/0.0.28/modules/pending/discord_utils-2.zip: 15%
2023-08-11T08:42:11.178Z [Modules] Streaming discord_utils@2 to /home/manjack/.config/discord/0.0.28/modules/pending/discord_utils-2.zip: 16%
2023-08-11T08:42:11.183Z [Modules] Streaming discord_utils@2 to /home/manjack/.config/discord/0.0.28/modules/pending/discord_utils-2.zip: 18%
2023-08-11T08:42:11.187Z [Modules] Streaming discord_utils@2 to /home/manjack/.config/discord/0.0.28/modules/pending/discord_utils-2.zip: 19%
2023-08-11T08:42:11.190Z [Modules] Streaming discord_utils@2 to /home/manjack/.config/discord/0.0.28/modules/pending/discord_utils-2.zip: 20%
2023-08-11T08:42:11.192Z [Modules] Streaming discord_utils@2 to /home/manjack/.config/discord/0.0.28/modules/pending/discord_utils-2.zip: 21%
2023-08-11T08:42:11.195Z [Modules] Streaming discord_utils@2 to /home/manjack/.config/discord/0.0.28/modules/pending/discord_utils-2.zip: 22%
2023-08-11T08:42:11.198Z [Modules] Streaming discord_utils@2 to /home/manjack/.config/discord/0.0.28/modules/pending/discord_utils-2.zip: 23%
2023-08-11T08:42:11.202Z [Modules] Streaming discord_utils@2 to /home/manjack/.config/discord/0.0.28/modules/pending/discord_utils-2.zip: 24%
2023-08-11T08:42:11.208Z [Modules] Streaming discord_utils@2 to /home/manjack/.config/discord/0.0.28/modules/pending/discord_utils-2.zip: 25%
2023-08-11T08:42:11.212Z [Modules] Streaming discord_utils@2 to /home/manjack/.config/discord/0.0.28/modules/pending/discord_utils-2.zip: 27%
2023-08-11T08:42:11.215Z [Modules] Streaming discord_utils@2 to /home/manjack/.config/discord/0.0.28/modules/pending/discord_utils-2.zip: 28%
2023-08-11T08:42:11.217Z [Modules] Streaming discord_utils@2 to /home/manjack/.config/discord/0.0.28/modules/pending/discord_utils-2.zip: 29%
2023-08-11T08:42:11.221Z [Modules] Streaming discord_utils@2 to /home/manjack/.config/discord/0.0.28/modules/pending/discord_utils-2.zip: 30%
2023-08-11T08:42:11.228Z [Modules] Streaming discord_utils@2 to /home/manjack/.config/discord/0.0.28/modules/pending/discord_utils-2.zip: 32%
2023-08-11T08:42:11.230Z [Modules] Streaming discord_utils@2 to /home/manjack/.config/discord/0.0.28/modules/pending/discord_utils-2.zip: 33%
2023-08-11T08:42:11.236Z [Modules] Streaming discord_utils@2 to /home/manjack/.config/discord/0.0.28/modules/pending/discord_utils-2.zip: 35%
2023-08-11T08:42:11.241Z [Modules] Streaming discord_utils@2 to /home/manjack/.config/discord/0.0.28/modules/pending/discord_utils-2.zip: 36%
2023-08-11T08:42:11.249Z [Modules] Streaming discord_utils@2 to /home/manjack/.config/discord/0.0.28/modules/pending/discord_utils-2.zip: 38%
2023-08-11T08:42:11.250Z [Modules] Streaming discord_utils@2 to /home/manjack/.config/discord/0.0.28/modules/pending/discord_utils-2.zip: 39%
2023-08-11T08:42:11.254Z [Modules] Streaming discord_utils@2 to /home/manjack/.config/discord/0.0.28/modules/pending/discord_utils-2.zip: 40%
2023-08-11T08:42:11.257Z [Modules] Streaming discord_utils@2 to /home/manjack/.config/discord/0.0.28/modules/pending/discord_utils-2.zip: 41%
2023-08-11T08:42:11.262Z [Modules] Streaming discord_utils@2 to /home/manjack/.config/discord/0.0.28/modules/pending/discord_utils-2.zip: 42%
2023-08-11T08:42:11.272Z [Modules] Streaming discord_utils@2 to /home/manjack/.config/discord/0.0.28/modules/pending/discord_utils-2.zip: 44%
2023-08-11T08:42:11.273Z [Modules] Streaming discord_utils@2 to /home/manjack/.config/discord/0.0.28/modules/pending/discord_utils-2.zip: 46%
2023-08-11T08:42:11.277Z [Modules] Streaming discord_utils@2 to /home/manjack/.config/discord/0.0.28/modules/pending/discord_utils-2.zip: 47%
2023-08-11T08:42:11.283Z [Modules] Streaming discord_utils@2 to /home/manjack/.config/discord/0.0.28/modules/pending/discord_utils-2.zip: 49%
2023-08-11T08:42:11.285Z [Modules] Streaming discord_utils@2 to /home/manjack/.config/discord/0.0.28/modules/pending/discord_utils-2.zip: 50%
2023-08-11T08:42:11.290Z [Modules] Streaming discord_utils@2 to /home/manjack/.config/discord/0.0.28/modules/pending/discord_utils-2.zip: 51%
2023-08-11T08:42:11.293Z [Modules] Streaming discord_utils@2 to /home/manjack/.config/discord/0.0.28/modules/pending/discord_utils-2.zip: 53%
2023-08-11T08:42:11.297Z [Modules] Streaming discord_utils@2 to /home/manjack/.config/discord/0.0.28/modules/pending/discord_utils-2.zip: 54%
2023-08-11T08:42:11.299Z [Modules] Streaming discord_utils@2 to /home/manjack/.config/discord/0.0.28/modules/pending/discord_utils-2.zip: 55%
2023-08-11T08:42:11.304Z [Modules] Streaming discord_utils@2 to /home/manjack/.config/discord/0.0.28/modules/pending/discord_utils-2.zip: 56%
2023-08-11T08:42:11.307Z [Modules] Streaming discord_utils@2 to /home/manjack/.config/discord/0.0.28/modules/pending/discord_utils-2.zip: 57%
2023-08-11T08:42:11.310Z [Modules] Streaming discord_utils@2 to /home/manjack/.config/discord/0.0.28/modules/pending/discord_utils-2.zip: 58%
2023-08-11T08:42:11.313Z [Modules] Streaming discord_utils@2 to /home/manjack/.config/discord/0.0.28/modules/pending/discord_utils-2.zip: 59%
2023-08-11T08:42:11.316Z [Modules] Streaming discord_utils@2 to /home/manjack/.config/discord/0.0.28/modules/pending/discord_utils-2.zip: 60%
2023-08-11T08:42:11.321Z [Modules] Streaming discord_utils@2 to /home/manjack/.config/discord/0.0.28/modules/pending/discord_utils-2.zip: 61%
2023-08-11T08:42:11.327Z [Modules] Streaming discord_utils@2 to /home/manjack/.config/discord/0.0.28/modules/pending/discord_utils-2.zip: 63%
2023-08-11T08:42:11.331Z [Modules] Streaming discord_utils@2 to /home/manjack/.config/discord/0.0.28/modules/pending/discord_utils-2.zip: 65%
2023-08-11T08:42:11.335Z [Modules] Streaming discord_utils@2 to /home/manjack/.config/discord/0.0.28/modules/pending/discord_utils-2.zip: 66%
2023-08-11T08:42:11.344Z [Modules] Streaming discord_utils@2 to /home/manjack/.config/discord/0.0.28/modules/pending/discord_utils-2.zip: 68%
2023-08-11T08:42:11.346Z [Modules] Streaming discord_utils@2 to /home/manjack/.config/discord/0.0.28/modules/pending/discord_utils-2.zip: 69%
2023-08-11T08:42:11.348Z [Modules] Streaming discord_utils@2 to /home/manjack/.config/discord/0.0.28/modules/pending/discord_utils-2.zip: 70%
2023-08-11T08:42:11.352Z [Modules] Streaming discord_utils@2 to /home/manjack/.config/discord/0.0.28/modules/pending/discord_utils-2.zip: 71%
2023-08-11T08:42:11.355Z [Modules] Streaming discord_utils@2 to /home/manjack/.config/discord/0.0.28/modules/pending/discord_utils-2.zip: 72%
2023-08-11T08:42:11.358Z [Modules] Streaming discord_utils@2 to /home/manjack/.config/discord/0.0.28/modules/pending/discord_utils-2.zip: 73%
2023-08-11T08:42:11.361Z [Modules] Streaming discord_utils@2 to /home/manjack/.config/discord/0.0.28/modules/pending/discord_utils-2.zip: 74%
2023-08-11T08:42:11.428Z [Modules] Streaming discord_utils@2 to /home/manjack/.config/discord/0.0.28/modules/pending/discord_utils-2.zip: 75%
2023-08-11T08:42:11.430Z [Modules] Streaming discord_utils@2 to /home/manjack/.config/discord/0.0.28/modules/pending/discord_utils-2.zip: 76%
2023-08-11T08:42:11.432Z [Modules] Streaming discord_utils@2 to /home/manjack/.config/discord/0.0.28/modules/pending/discord_utils-2.zip: 77%
2023-08-11T08:42:11.434Z [Modules] Streaming discord_utils@2 to /home/manjack/.config/discord/0.0.28/modules/pending/discord_utils-2.zip: 78%
2023-08-11T08:42:11.437Z [Modules] Streaming discord_utils@2 to /home/manjack/.config/discord/0.0.28/modules/pending/discord_utils-2.zip: 80%
2023-08-11T08:42:11.449Z [Modules] Streaming discord_utils@2 to /home/manjack/.config/discord/0.0.28/modules/pending/discord_utils-2.zip: 81%
2023-08-11T08:42:11.449Z [Modules] Streaming discord_utils@2 to /home/manjack/.config/discord/0.0.28/modules/pending/discord_utils-2.zip: 83%
2023-08-11T08:42:11.451Z [Modules] Streaming discord_utils@2 to /home/manjack/.config/discord/0.0.28/modules/pending/discord_utils-2.zip: 85%
2023-08-11T08:42:11.452Z [Modules] Streaming discord_utils@2 to /home/manjack/.config/discord/0.0.28/modules/pending/discord_utils-2.zip: 87%
2023-08-11T08:42:11.452Z [Modules] Streaming discord_utils@2 to /home/manjack/.config/discord/0.0.28/modules/pending/discord_utils-2.zip: 89%
2023-08-11T08:42:11.453Z [Modules] Streaming discord_utils@2 to /home/manjack/.config/discord/0.0.28/modules/pending/discord_utils-2.zip: 91%
2023-08-11T08:42:11.454Z [Modules] Streaming discord_utils@2 to /home/manjack/.config/discord/0.0.28/modules/pending/discord_utils-2.zip: 92%
2023-08-11T08:42:11.455Z [Modules] Streaming discord_utils@2 to /home/manjack/.config/discord/0.0.28/modules/pending/discord_utils-2.zip: 94%
2023-08-11T08:42:11.456Z [Modules] Streaming discord_utils@2 to /home/manjack/.config/discord/0.0.28/modules/pending/discord_utils-2.zip: 96%
2023-08-11T08:42:11.456Z [Modules] Streaming discord_utils@2 to /home/manjack/.config/discord/0.0.28/modules/pending/discord_utils-2.zip: 97%
2023-08-11T08:42:11.457Z [Modules] Streaming discord_utils@2 to /home/manjack/.config/discord/0.0.28/modules/pending/discord_utils-2.zip: 98%
2023-08-11T08:42:11.457Z [Modules] Streaming discord_utils@2 to /home/manjack/.config/discord/0.0.28/modules/pending/discord_utils-2.zip: 100%
2023-08-11T08:42:11.459Z [Modules] Fetching discord_voice@2 from https://discord.com/api/modules/stable/discord_voice/2
2023-08-11T08:42:11.459Z [Modules] Streaming discord_voice@2 to /home/manjack/.config/discord/0.0.28/modules/pending/discord_voice-2.zip
2023-08-11T08:42:12.013Z [Modules] Streaming discord_voice@2 to /home/manjack/.config/discord/0.0.28/modules/pending/discord_voice-2.zip: 1%
2023-08-11T08:42:12.016Z [Modules] Streaming discord_voice@2 to /home/manjack/.config/discord/0.0.28/modules/pending/discord_voice-2.zip: 2%
2023-08-11T08:42:12.031Z [Modules] Streaming discord_voice@2 to /home/manjack/.config/discord/0.0.28/modules/pending/discord_voice-2.zip: 3%
2023-08-11T08:42:12.049Z [Modules] Streaming discord_voice@2 to /home/manjack/.config/discord/0.0.28/modules/pending/discord_voice-2.zip: 4%
2023-08-11T08:42:12.066Z [Modules] Streaming discord_voice@2 to /home/manjack/.config/discord/0.0.28/modules/pending/discord_voice-2.zip: 5%
2023-08-11T08:42:12.084Z [Modules] Streaming discord_voice@2 to /home/manjack/.config/discord/0.0.28/modules/pending/discord_voice-2.zip: 6%
2023-08-11T08:42:12.108Z [Modules] Streaming discord_voice@2 to /home/manjack/.config/discord/0.0.28/modules/pending/discord_voice-2.zip: 7%
2023-08-11T08:42:12.118Z [Modules] Streaming discord_voice@2 to /home/manjack/.config/discord/0.0.28/modules/pending/discord_voice-2.zip: 8%
2023-08-11T08:42:12.137Z [Modules] Streaming discord_voice@2 to /home/manjack/.config/discord/0.0.28/modules/pending/discord_voice-2.zip: 9%
2023-08-11T08:42:12.155Z [Modules] Streaming discord_voice@2 to /home/manjack/.config/discord/0.0.28/modules/pending/discord_voice-2.zip: 10%
2023-08-11T08:42:12.172Z [Modules] Streaming discord_voice@2 to /home/manjack/.config/discord/0.0.28/modules/pending/discord_voice-2.zip: 11%
2023-08-11T08:42:12.189Z [Modules] Streaming discord_voice@2 to /home/manjack/.config/discord/0.0.28/modules/pending/discord_voice-2.zip: 12%
2023-08-11T08:42:12.207Z [Modules] Streaming discord_voice@2 to /home/manjack/.config/discord/0.0.28/modules/pending/discord_voice-2.zip: 13%
2023-08-11T08:42:12.294Z [Modules] Streaming discord_voice@2 to /home/manjack/.config/discord/0.0.28/modules/pending/discord_voice-2.zip: 14%
2023-08-11T08:42:12.306Z [Modules] Streaming discord_voice@2 to /home/manjack/.config/discord/0.0.28/modules/pending/discord_voice-2.zip: 15%
2023-08-11T08:42:12.320Z [Modules] Streaming discord_voice@2 to /home/manjack/.config/discord/0.0.28/modules/pending/discord_voice-2.zip: 16%
2023-08-11T08:42:12.334Z [Modules] Streaming discord_voice@2 to /home/manjack/.config/discord/0.0.28/modules/pending/discord_voice-2.zip: 17%
2023-08-11T08:42:12.348Z [Modules] Streaming discord_voice@2 to /home/manjack/.config/discord/0.0.28/modules/pending/discord_voice-2.zip: 18%
2023-08-11T08:42:12.360Z [Modules] Streaming discord_voice@2 to /home/manjack/.config/discord/0.0.28/modules/pending/discord_voice-2.zip: 19%
2023-08-11T08:42:12.367Z [Modules] Streaming discord_voice@2 to /home/manjack/.config/discord/0.0.28/modules/pending/discord_voice-2.zip: 20%
2023-08-11T08:42:12.437Z [Modules] Streaming discord_voice@2 to /home/manjack/.config/discord/0.0.28/modules/pending/discord_voice-2.zip: 21%
2023-08-11T08:42:12.440Z [Modules] Streaming discord_voice@2 to /home/manjack/.config/discord/0.0.28/modules/pending/discord_voice-2.zip: 22%
2023-08-11T08:42:12.442Z [Modules] Streaming discord_voice@2 to /home/manjack/.config/discord/0.0.28/modules/pending/discord_voice-2.zip: 23%
2023-08-11T08:42:12.444Z [Modules] Streaming discord_voice@2 to /home/manjack/.config/discord/0.0.28/modules/pending/discord_voice-2.zip: 24%
2023-08-11T08:42:12.480Z [Modules] Streaming discord_voice@2 to /home/manjack/.config/discord/0.0.28/modules/pending/discord_voice-2.zip: 25%
2023-08-11T08:42:12.495Z [Modules] Streaming discord_voice@2 to /home/manjack/.config/discord/0.0.28/modules/pending/discord_voice-2.zip: 26%
2023-08-11T08:42:12.560Z [Modules] Streaming discord_voice@2 to /home/manjack/.config/discord/0.0.28/modules/pending/discord_voice-2.zip: 27%
2023-08-11T08:42:12.562Z [Modules] Streaming discord_voice@2 to /home/manjack/.config/discord/0.0.28/modules/pending/discord_voice-2.zip: 28%
2023-08-11T08:42:12.565Z [Modules] Streaming discord_voice@2 to /home/manjack/.config/discord/0.0.28/modules/pending/discord_voice-2.zip: 29%
2023-08-11T08:42:12.568Z [Modules] Streaming discord_voice@2 to /home/manjack/.config/discord/0.0.28/modules/pending/discord_voice-2.zip: 30%
2023-08-11T08:42:12.571Z [Modules] Streaming discord_voice@2 to /home/manjack/.config/discord/0.0.28/modules/pending/discord_voice-2.zip: 31%
2023-08-11T08:42:12.586Z [Modules] Streaming discord_voice@2 to /home/manjack/.config/discord/0.0.28/modules/pending/discord_voice-2.zip: 32%
2023-08-11T08:42:12.589Z [Modules] Streaming discord_voice@2 to /home/manjack/.config/discord/0.0.28/modules/pending/discord_voice-2.zip: 33%
2023-08-11T08:42:12.591Z [Modules] Streaming discord_voice@2 to /home/manjack/.config/discord/0.0.28/modules/pending/discord_voice-2.zip: 34%
2023-08-11T08:42:12.593Z [Modules] Streaming discord_voice@2 to /home/manjack/.config/discord/0.0.28/modules/pending/discord_voice-2.zip: 35%
2023-08-11T08:42:12.610Z [Modules] Streaming discord_voice@2 to /home/manjack/.config/discord/0.0.28/modules/pending/discord_voice-2.zip: 36%
2023-08-11T08:42:12.627Z [Modules] Streaming discord_voice@2 to /home/manjack/.config/discord/0.0.28/modules/pending/discord_voice-2.zip: 37%
2023-08-11T08:42:12.643Z [Modules] Streaming discord_voice@2 to /home/manjack/.config/discord/0.0.28/modules/pending/discord_voice-2.zip: 38%
2023-08-11T08:42:12.662Z [Modules] Streaming discord_voice@2 to /home/manjack/.config/discord/0.0.28/modules/pending/discord_voice-2.zip: 39%
2023-08-11T08:42:12.742Z [Modules] Streaming discord_voice@2 to /home/manjack/.config/discord/0.0.28/modules/pending/discord_voice-2.zip: 40%
2023-08-11T08:42:12.760Z [Modules] Streaming discord_voice@2 to /home/manjack/.config/discord/0.0.28/modules/pending/discord_voice-2.zip: 41%
2023-08-11T08:42:12.830Z [Modules] Streaming discord_voice@2 to /home/manjack/.config/discord/0.0.28/modules/pending/discord_voice-2.zip: 42%
2023-08-11T08:42:12.832Z [Modules] Streaming discord_voice@2 to /home/manjack/.config/discord/0.0.28/modules/pending/discord_voice-2.zip: 43%
2023-08-11T08:42:12.835Z [Modules] Streaming discord_voice@2 to /home/manjack/.config/discord/0.0.28/modules/pending/discord_voice-2.zip: 44%
2023-08-11T08:42:12.837Z [Modules] Streaming discord_voice@2 to /home/manjack/.config/discord/0.0.28/modules/pending/discord_voice-2.zip: 45%
2023-08-11T08:42:12.840Z [Modules] Streaming discord_voice@2 to /home/manjack/.config/discord/0.0.28/modules/pending/discord_voice-2.zip: 46%
2023-08-11T08:42:12.847Z [Modules] Streaming discord_voice@2 to /home/manjack/.config/discord/0.0.28/modules/pending/discord_voice-2.zip: 47%
2023-08-11T08:42:12.866Z [Modules] Streaming discord_voice@2 to /home/manjack/.config/discord/0.0.28/modules/pending/discord_voice-2.zip: 48%
2023-08-11T08:42:12.885Z [Modules] Streaming discord_voice@2 to /home/manjack/.config/discord/0.0.28/modules/pending/discord_voice-2.zip: 49%
2023-08-11T08:42:12.904Z [Modules] Streaming discord_voice@2 to /home/manjack/.config/discord/0.0.28/modules/pending/discord_voice-2.zip: 50%
2023-08-11T08:42:12.926Z [Modules] Streaming discord_voice@2 to /home/manjack/.config/discord/0.0.28/modules/pending/discord_voice-2.zip: 51%
2023-08-11T08:42:12.940Z [Modules] Streaming discord_voice@2 to /home/manjack/.config/discord/0.0.28/modules/pending/discord_voice-2.zip: 52%
2023-08-11T08:42:12.958Z [Modules] Streaming discord_voice@2 to /home/manjack/.config/discord/0.0.28/modules/pending/discord_voice-2.zip: 53%
2023-08-11T08:42:13.046Z [Modules] Streaming discord_voice@2 to /home/manjack/.config/discord/0.0.28/modules/pending/discord_voice-2.zip: 54%
2023-08-11T08:42:13.055Z [Modules] Streaming discord_voice@2 to /home/manjack/.config/discord/0.0.28/modules/pending/discord_voice-2.zip: 55%
2023-08-11T08:42:13.187Z [Modules] Streaming discord_voice@2 to /home/manjack/.config/discord/0.0.28/modules/pending/discord_voice-2.zip: 56%
2023-08-11T08:42:13.189Z [Modules] Streaming discord_voice@2 to /home/manjack/.config/discord/0.0.28/modules/pending/discord_voice-2.zip: 57%
2023-08-11T08:42:13.192Z [Modules] Streaming discord_voice@2 to /home/manjack/.config/discord/0.0.28/modules/pending/discord_voice-2.zip: 58%
2023-08-11T08:42:13.195Z [Modules] Streaming discord_voice@2 to /home/manjack/.config/discord/0.0.28/modules/pending/discord_voice-2.zip: 59%
2023-08-11T08:42:13.197Z [Modules] Streaming discord_voice@2 to /home/manjack/.config/discord/0.0.28/modules/pending/discord_voice-2.zip: 60%
2023-08-11T08:42:13.200Z [Modules] Streaming discord_voice@2 to /home/manjack/.config/discord/0.0.28/modules/pending/discord_voice-2.zip: 61%
2023-08-11T08:42:13.202Z [Modules] Streaming discord_voice@2 to /home/manjack/.config/discord/0.0.28/modules/pending/discord_voice-2.zip: 62%
2023-08-11T08:42:13.204Z [Modules] Streaming discord_voice@2 to /home/manjack/.config/discord/0.0.28/modules/pending/discord_voice-2.zip: 63%
2023-08-11T08:42:13.227Z [Modules] Streaming discord_voice@2 to /home/manjack/.config/discord/0.0.28/modules/pending/discord_voice-2.zip: 64%
2023-08-11T08:42:13.239Z [Modules] Streaming discord_voice@2 to /home/manjack/.config/discord/0.0.28/modules/pending/discord_voice-2.zip: 65%
2023-08-11T08:42:13.253Z [Modules] Streaming discord_voice@2 to /home/manjack/.config/discord/0.0.28/modules/pending/discord_voice-2.zip: 66%
2023-08-11T08:42:13.268Z [Modules] Streaming discord_voice@2 to /home/manjack/.config/discord/0.0.28/modules/pending/discord_voice-2.zip: 67%
2023-08-11T08:42:13.281Z [Modules] Streaming discord_voice@2 to /home/manjack/.config/discord/0.0.28/modules/pending/discord_voice-2.zip: 68%
2023-08-11T08:42:13.299Z [Modules] Streaming discord_voice@2 to /home/manjack/.config/discord/0.0.28/modules/pending/discord_voice-2.zip: 69%
2023-08-11T08:42:13.312Z [Modules] Streaming discord_voice@2 to /home/manjack/.config/discord/0.0.28/modules/pending/discord_voice-2.zip: 70%
2023-08-11T08:42:13.332Z [Modules] Streaming discord_voice@2 to /home/manjack/.config/discord/0.0.28/modules/pending/discord_voice-2.zip: 71%
2023-08-11T08:42:13.339Z [Modules] Streaming discord_voice@2 to /home/manjack/.config/discord/0.0.28/modules/pending/discord_voice-2.zip: 72%
2023-08-11T08:42:13.342Z [Modules] Streaming discord_voice@2 to /home/manjack/.config/discord/0.0.28/modules/pending/discord_voice-2.zip: 73%
2023-08-11T08:42:13.345Z [Modules] Streaming discord_voice@2 to /home/manjack/.config/discord/0.0.28/modules/pending/discord_voice-2.zip: 74%
2023-08-11T08:42:13.395Z [Modules] Streaming discord_voice@2 to /home/manjack/.config/discord/0.0.28/modules/pending/discord_voice-2.zip: 75%
2023-08-11T08:42:13.400Z [Modules] Streaming discord_voice@2 to /home/manjack/.config/discord/0.0.28/modules/pending/discord_voice-2.zip: 76%
2023-08-11T08:42:13.418Z [Modules] Streaming discord_voice@2 to /home/manjack/.config/discord/0.0.28/modules/pending/discord_voice-2.zip: 77%
2023-08-11T08:42:13.441Z [Modules] Streaming discord_voice@2 to /home/manjack/.config/discord/0.0.28/modules/pending/discord_voice-2.zip: 78%
2023-08-11T08:42:13.443Z [Modules] Streaming discord_voice@2 to /home/manjack/.config/discord/0.0.28/modules/pending/discord_voice-2.zip: 79%
2023-08-11T08:42:13.445Z [Modules] Streaming discord_voice@2 to /home/manjack/.config/discord/0.0.28/modules/pending/discord_voice-2.zip: 80%
2023-08-11T08:42:13.459Z [Modules] Streaming discord_voice@2 to /home/manjack/.config/discord/0.0.28/modules/pending/discord_voice-2.zip: 81%
2023-08-11T08:42:13.479Z [Modules] Streaming discord_voice@2 to /home/manjack/.config/discord/0.0.28/modules/pending/discord_voice-2.zip: 82%
2023-08-11T08:42:13.495Z [Modules] Streaming discord_voice@2 to /home/manjack/.config/discord/0.0.28/modules/pending/discord_voice-2.zip: 83%
2023-08-11T08:42:13.513Z [Modules] Streaming discord_voice@2 to /home/manjack/.config/discord/0.0.28/modules/pending/discord_voice-2.zip: 84%
2023-08-11T08:42:13.528Z [Modules] Streaming discord_voice@2 to /home/manjack/.config/discord/0.0.28/modules/pending/discord_voice-2.zip: 85%
2023-08-11T08:42:13.549Z [Modules] Streaming discord_voice@2 to /home/manjack/.config/discord/0.0.28/modules/pending/discord_voice-2.zip: 86%
2023-08-11T08:42:13.562Z [Modules] Streaming discord_voice@2 to /home/manjack/.config/discord/0.0.28/modules/pending/discord_voice-2.zip: 87%
2023-08-11T08:42:13.581Z [Modules] Streaming discord_voice@2 to /home/manjack/.config/discord/0.0.28/modules/pending/discord_voice-2.zip: 88%
2023-08-11T08:42:13.598Z [Modules] Streaming discord_voice@2 to /home/manjack/.config/discord/0.0.28/modules/pending/discord_voice-2.zip: 89%
2023-08-11T08:42:13.616Z [Modules] Streaming discord_voice@2 to /home/manjack/.config/discord/0.0.28/modules/pending/discord_voice-2.zip: 90%
2023-08-11T08:42:13.636Z [Modules] Streaming discord_voice@2 to /home/manjack/.config/discord/0.0.28/modules/pending/discord_voice-2.zip: 91%
2023-08-11T08:42:13.844Z [Modules] Streaming discord_voice@2 to /home/manjack/.config/discord/0.0.28/modules/pending/discord_voice-2.zip: 92%
2023-08-11T08:42:13.847Z [Modules] Streaming discord_voice@2 to /home/manjack/.config/discord/0.0.28/modules/pending/discord_voice-2.zip: 93%
2023-08-11T08:42:13.849Z [Modules] Streaming discord_voice@2 to /home/manjack/.config/discord/0.0.28/modules/pending/discord_voice-2.zip: 94%
2023-08-11T08:42:13.852Z [Modules] Streaming discord_voice@2 to /home/manjack/.config/discord/0.0.28/modules/pending/discord_voice-2.zip: 95%
2023-08-11T08:42:13.854Z [Modules] Streaming discord_voice@2 to /home/manjack/.config/discord/0.0.28/modules/pending/discord_voice-2.zip: 96%
2023-08-11T08:42:13.857Z [Modules] Streaming discord_voice@2 to /home/manjack/.config/discord/0.0.28/modules/pending/discord_voice-2.zip: 97%
2023-08-11T08:42:13.859Z [Modules] Streaming discord_voice@2 to /home/manjack/.config/discord/0.0.28/modules/pending/discord_voice-2.zip: 98%
2023-08-11T08:42:13.861Z [Modules] Streaming discord_voice@2 to /home/manjack/.config/discord/0.0.28/modules/pending/discord_voice-2.zip: 99%
2023-08-11T08:42:13.864Z [Modules] Streaming discord_voice@2 to /home/manjack/.config/discord/0.0.28/modules/pending/discord_voice-2.zip: 100%
2023-08-11T08:42:13.865Z [Modules] Finished module downloads. [success: 5] [failure: 0]
2023-08-11T08:42:13.865Z [Modules] Installing updates...
2023-08-11T08:42:13.865Z [Modules] Installing discord_desktop_core@1 from /home/manjack/.config/discord/0.0.28/modules/pending/discord_desktop_core-1.zip
2023-08-11T08:42:13.934Z [Modules] Installing discord_erlpack@1 from /home/manjack/.config/discord/0.0.28/modules/pending/discord_erlpack-1.zip
2023-08-11T08:42:13.983Z [Modules] Installing discord_spellcheck@1 from /home/manjack/.config/discord/0.0.28/modules/pending/discord_spellcheck-1.zip
2023-08-11T08:42:14.543Z [Modules] Installing discord_utils@2 from /home/manjack/.config/discord/0.0.28/modules/pending/discord_utils-2.zip
2023-08-11T08:42:14.871Z [Modules] Installing discord_voice@2 from /home/manjack/.config/discord/0.0.28/modules/pending/discord_voice-2.zip
2023-08-11T08:42:15.504Z [Modules] Finished module installations. [success: 5] [failure: 0]
2023-08-11T08:42:15.504Z [Modules] Checking for host updates.
2023-08-11T08:42:15.928Z [Modules] Host is up to date.
2023-08-11T08:42:15.928Z [Modules] Checking for module updates at https://discord.com/api/modules/stable/versions.json
2023-08-11T08:42:15.931Z [Modules] No module updates available.
2023-08-11T08:42:19.202Z [Modules] Starting to install discord_krisp...
2023-08-11T08:42:19.202Z [Modules] Fetching discord_krisp@1 from https://discord.com/api/modules/stable/discord_krisp/1
2023-08-11T08:42:19.202Z [Modules] Streaming discord_krisp@1 to /home/manjack/.config/discord/0.0.28/modules/pending/discord_krisp-1.zip
2023-08-11T08:42:19.217Z [Modules] Starting to install discord_game_utils...
2023-08-11T08:42:19.756Z [Modules] Streaming discord_krisp@1 to /home/manjack/.config/discord/0.0.28/modules/pending/discord_krisp-1.zip: 1%
2023-08-11T08:42:19.775Z [Modules] Streaming discord_krisp@1 to /home/manjack/.config/discord/0.0.28/modules/pending/discord_krisp-1.zip: 2%
2023-08-11T08:42:19.897Z [Modules] Streaming discord_krisp@1 to /home/manjack/.config/discord/0.0.28/modules/pending/discord_krisp-1.zip: 3%
2023-08-11T08:42:19.968Z [Modules] Streaming discord_krisp@1 to /home/manjack/.config/discord/0.0.28/modules/pending/discord_krisp-1.zip: 4%
2023-08-11T08:42:19.968Z [Modules] Checking for host updates.
2023-08-11T08:42:19.986Z [Modules] Streaming discord_krisp@1 to /home/manjack/.config/discord/0.0.28/modules/pending/discord_krisp-1.zip: 5%
2023-08-11T08:42:20.005Z [Modules] Streaming discord_krisp@1 to /home/manjack/.config/discord/0.0.28/modules/pending/discord_krisp-1.zip: 6%
2023-08-11T08:42:20.027Z [Modules] Streaming discord_krisp@1 to /home/manjack/.config/discord/0.0.28/modules/pending/discord_krisp-1.zip: 7%
2023-08-11T08:42:20.048Z [Modules] Streaming discord_krisp@1 to /home/manjack/.config/discord/0.0.28/modules/pending/discord_krisp-1.zip: 8%
2023-08-11T08:42:20.068Z [Modules] Streaming discord_krisp@1 to /home/manjack/.config/discord/0.0.28/modules/pending/discord_krisp-1.zip: 9%
2023-08-11T08:42:20.086Z [Modules] Streaming discord_krisp@1 to /home/manjack/.config/discord/0.0.28/modules/pending/discord_krisp-1.zip: 10%
2023-08-11T08:42:20.112Z [Modules] Streaming discord_krisp@1 to /home/manjack/.config/discord/0.0.28/modules/pending/discord_krisp-1.zip: 11%
2023-08-11T08:42:20.135Z [Modules] Streaming discord_krisp@1 to /home/manjack/.config/discord/0.0.28/modules/pending/discord_krisp-1.zip: 12%
2023-08-11T08:42:20.151Z [Modules] Streaming discord_krisp@1 to /home/manjack/.config/discord/0.0.28/modules/pending/discord_krisp-1.zip: 13%
2023-08-11T08:42:20.176Z [Modules] Streaming discord_krisp@1 to /home/manjack/.config/discord/0.0.28/modules/pending/discord_krisp-1.zip: 14%
2023-08-11T08:42:20.260Z [Modules] Streaming discord_krisp@1 to /home/manjack/.config/discord/0.0.28/modules/pending/discord_krisp-1.zip: 15%
2023-08-11T08:42:20.278Z [Modules] Streaming discord_krisp@1 to /home/manjack/.config/discord/0.0.28/modules/pending/discord_krisp-1.zip: 16%
2023-08-11T08:42:20.297Z [Modules] Starting to install discord_rpc...
2023-08-11T08:42:20.378Z [Modules] Streaming discord_krisp@1 to /home/manjack/.config/discord/0.0.28/modules/pending/discord_krisp-1.zip: 17%
2023-08-11T08:42:20.381Z [Modules] Streaming discord_krisp@1 to /home/manjack/.config/discord/0.0.28/modules/pending/discord_krisp-1.zip: 18%
2023-08-11T08:42:20.382Z [Modules] Streaming discord_krisp@1 to /home/manjack/.config/discord/0.0.28/modules/pending/discord_krisp-1.zip: 19%
2023-08-11T08:42:20.386Z [Modules] Streaming discord_krisp@1 to /home/manjack/.config/discord/0.0.28/modules/pending/discord_krisp-1.zip: 20%
2023-08-11T08:42:20.451Z [Modules] Streaming discord_krisp@1 to /home/manjack/.config/discord/0.0.28/modules/pending/discord_krisp-1.zip: 21%
2023-08-11T08:42:20.455Z [Modules] Streaming discord_krisp@1 to /home/manjack/.config/discord/0.0.28/modules/pending/discord_krisp-1.zip: 22%
2023-08-11T08:42:20.457Z [Modules] Streaming discord_krisp@1 to /home/manjack/.config/discord/0.0.28/modules/pending/discord_krisp-1.zip: 23%
2023-08-11T08:42:20.539Z [Modules] Streaming discord_krisp@1 to /home/manjack/.config/discord/0.0.28/modules/pending/discord_krisp-1.zip: 24%
2023-08-11T08:42:20.541Z [Modules] Streaming discord_krisp@1 to /home/manjack/.config/discord/0.0.28/modules/pending/discord_krisp-1.zip: 25%
2023-08-11T08:42:20.544Z [Modules] Streaming discord_krisp@1 to /home/manjack/.config/discord/0.0.28/modules/pending/discord_krisp-1.zip: 26%
2023-08-11T08:42:20.546Z [Modules] Streaming discord_krisp@1 to /home/manjack/.config/discord/0.0.28/modules/pending/discord_krisp-1.zip: 27%
2023-08-11T08:42:20.549Z [Modules] Streaming discord_krisp@1 to /home/manjack/.config/discord/0.0.28/modules/pending/discord_krisp-1.zip: 28%
2023-08-11T08:42:20.556Z [Modules] Streaming discord_krisp@1 to /home/manjack/.config/discord/0.0.28/modules/pending/discord_krisp-1.zip: 29%
2023-08-11T08:42:20.570Z [Modules] Host is up to date.
2023-08-11T08:42:20.570Z [Modules] Checking for module updates at https://discord.com/api/modules/stable/versions.json
2023-08-11T08:42:20.571Z [Modules] Streaming discord_krisp@1 to /home/manjack/.config/discord/0.0.28/modules/pending/discord_krisp-1.zip: 30%
2023-08-11T08:42:20.573Z [Modules] No module updates available.
2023-08-11T08:42:20.586Z [Modules] Streaming discord_krisp@1 to /home/manjack/.config/discord/0.0.28/modules/pending/discord_krisp-1.zip: 31%
2023-08-11T08:42:20.607Z [Modules] Streaming discord_krisp@1 to /home/manjack/.config/discord/0.0.28/modules/pending/discord_krisp-1.zip: 32%
2023-08-11T08:42:20.623Z [Modules] Streaming discord_krisp@1 to /home/manjack/.config/discord/0.0.28/modules/pending/discord_krisp-1.zip: 33%
2023-08-11T08:42:20.655Z [Modules] Streaming discord_krisp@1 to /home/manjack/.config/discord/0.0.28/modules/pending/discord_krisp-1.zip: 34%
2023-08-11T08:42:20.657Z [Modules] Streaming discord_krisp@1 to /home/manjack/.config/discord/0.0.28/modules/pending/discord_krisp-1.zip: 35%
2023-08-11T08:42:20.660Z [Modules] Streaming discord_krisp@1 to /home/manjack/.config/discord/0.0.28/modules/pending/discord_krisp-1.zip: 36%
2023-08-11T08:42:20.665Z [Modules] Streaming discord_krisp@1 to /home/manjack/.config/discord/0.0.28/modules/pending/discord_krisp-1.zip: 37%
2023-08-11T08:42:20.732Z [Modules] Streaming discord_krisp@1 to /home/manjack/.config/discord/0.0.28/modules/pending/discord_krisp-1.zip: 38%
2023-08-11T08:42:20.745Z [Modules] Streaming discord_krisp@1 to /home/manjack/.config/discord/0.0.28/modules/pending/discord_krisp-1.zip: 39%
2023-08-11T08:42:20.748Z [Modules] Streaming discord_krisp@1 to /home/manjack/.config/discord/0.0.28/modules/pending/discord_krisp-1.zip: 40%
2023-08-11T08:42:20.762Z [Modules] Streaming discord_krisp@1 to /home/manjack/.config/discord/0.0.28/modules/pending/discord_krisp-1.zip: 41%
2023-08-11T08:42:20.765Z [Modules] Streaming discord_krisp@1 to /home/manjack/.config/discord/0.0.28/modules/pending/discord_krisp-1.zip: 42%
2023-08-11T08:42:20.771Z [Modules] Streaming discord_krisp@1 to /home/manjack/.config/discord/0.0.28/modules/pending/discord_krisp-1.zip: 43%
2023-08-11T08:42:20.793Z [Modules] Streaming discord_krisp@1 to /home/manjack/.config/discord/0.0.28/modules/pending/discord_krisp-1.zip: 44%
2023-08-11T08:42:20.810Z [Modules] Streaming discord_krisp@1 to /home/manjack/.config/discord/0.0.28/modules/pending/discord_krisp-1.zip: 45%
2023-08-11T08:42:20.831Z [Modules] Streaming discord_krisp@1 to /home/manjack/.config/discord/0.0.28/modules/pending/discord_krisp-1.zip: 46%
2023-08-11T08:42:20.850Z [Modules] Streaming discord_krisp@1 to /home/manjack/.config/discord/0.0.28/modules/pending/discord_krisp-1.zip: 47%
2023-08-11T08:42:20.868Z [Modules] Streaming discord_krisp@1 to /home/manjack/.config/discord/0.0.28/modules/pending/discord_krisp-1.zip: 48%
2023-08-11T08:42:20.890Z [Modules] Streaming discord_krisp@1 to /home/manjack/.config/discord/0.0.28/modules/pending/discord_krisp-1.zip: 49%
2023-08-11T08:42:20.911Z [Modules] Streaming discord_krisp@1 to /home/manjack/.config/discord/0.0.28/modules/pending/discord_krisp-1.zip: 50%
2023-08-11T08:42:20.935Z [Modules] Streaming discord_krisp@1 to /home/manjack/.config/discord/0.0.28/modules/pending/discord_krisp-1.zip: 51%
2023-08-11T08:42:20.957Z [Modules] Streaming discord_krisp@1 to /home/manjack/.config/discord/0.0.28/modules/pending/discord_krisp-1.zip: 52%
2023-08-11T08:42:20.975Z [Modules] Streaming discord_krisp@1 to /home/manjack/.config/discord/0.0.28/modules/pending/discord_krisp-1.zip: 53%
2023-08-11T08:42:21.135Z [Modules] Streaming discord_krisp@1 to /home/manjack/.config/discord/0.0.28/modules/pending/discord_krisp-1.zip: 55%
2023-08-11T08:42:21.138Z [Modules] Streaming discord_krisp@1 to /home/manjack/.config/discord/0.0.28/modules/pending/discord_krisp-1.zip: 58%
2023-08-11T08:42:21.149Z [Modules] Streaming discord_krisp@1 to /home/manjack/.config/discord/0.0.28/modules/pending/discord_krisp-1.zip: 59%
2023-08-11T08:42:21.180Z [Modules] Streaming discord_krisp@1 to /home/manjack/.config/discord/0.0.28/modules/pending/discord_krisp-1.zip: 60%
2023-08-11T08:42:21.181Z [Modules] Streaming discord_krisp@1 to /home/manjack/.config/discord/0.0.28/modules/pending/discord_krisp-1.zip: 61%
2023-08-11T08:42:21.185Z [Modules] Streaming discord_krisp@1 to /home/manjack/.config/discord/0.0.28/modules/pending/discord_krisp-1.zip: 62%
2023-08-11T08:42:21.187Z [Modules] Streaming discord_krisp@1 to /home/manjack/.config/discord/0.0.28/modules/pending/discord_krisp-1.zip: 63%
2023-08-11T08:42:21.192Z [Modules] Streaming discord_krisp@1 to /home/manjack/.config/discord/0.0.28/modules/pending/discord_krisp-1.zip: 64%
2023-08-11T08:42:21.280Z [Modules] Streaming discord_krisp@1 to /home/manjack/.config/discord/0.0.28/modules/pending/discord_krisp-1.zip: 65%
2023-08-11T08:42:21.295Z [Modules] Streaming discord_krisp@1 to /home/manjack/.config/discord/0.0.28/modules/pending/discord_krisp-1.zip: 66%
2023-08-11T08:42:21.302Z [Modules] Streaming discord_krisp@1 to /home/manjack/.config/discord/0.0.28/modules/pending/discord_krisp-1.zip: 67%
2023-08-11T08:42:21.320Z [Modules] Streaming discord_krisp@1 to /home/manjack/.config/discord/0.0.28/modules/pending/discord_krisp-1.zip: 68%
2023-08-11T08:42:21.331Z [Modules] Streaming discord_krisp@1 to /home/manjack/.config/discord/0.0.28/modules/pending/discord_krisp-1.zip: 69%
2023-08-11T08:42:21.378Z [Modules] Streaming discord_krisp@1 to /home/manjack/.config/discord/0.0.28/modules/pending/discord_krisp-1.zip: 70%
2023-08-11T08:42:21.381Z [Modules] Streaming discord_krisp@1 to /home/manjack/.config/discord/0.0.28/modules/pending/discord_krisp-1.zip: 71%
2023-08-11T08:42:21.383Z [Modules] Streaming discord_krisp@1 to /home/manjack/.config/discord/0.0.28/modules/pending/discord_krisp-1.zip: 72%
2023-08-11T08:42:21.385Z [Modules] Streaming discord_krisp@1 to /home/manjack/.config/discord/0.0.28/modules/pending/discord_krisp-1.zip: 73%
2023-08-11T08:42:21.392Z [Modules] Streaming discord_krisp@1 to /home/manjack/.config/discord/0.0.28/modules/pending/discord_krisp-1.zip: 74%
2023-08-11T08:42:21.478Z [Modules] Streaming discord_krisp@1 to /home/manjack/.config/discord/0.0.28/modules/pending/discord_krisp-1.zip: 75%
2023-08-11T08:42:21.490Z [Modules] Streaming discord_krisp@1 to /home/manjack/.config/discord/0.0.28/modules/pending/discord_krisp-1.zip: 76%
2023-08-11T08:42:21.590Z [Modules] Streaming discord_krisp@1 to /home/manjack/.config/discord/0.0.28/modules/pending/discord_krisp-1.zip: 77%
2023-08-11T08:42:21.593Z [Modules] Streaming discord_krisp@1 to /home/manjack/.config/discord/0.0.28/modules/pending/discord_krisp-1.zip: 78%
2023-08-11T08:42:21.596Z [Modules] Streaming discord_krisp@1 to /home/manjack/.config/discord/0.0.28/modules/pending/discord_krisp-1.zip: 79%
2023-08-11T08:42:21.598Z [Modules] Streaming discord_krisp@1 to /home/manjack/.config/discord/0.0.28/modules/pending/discord_krisp-1.zip: 80%
2023-08-11T08:42:21.600Z [Modules] Streaming discord_krisp@1 to /home/manjack/.config/discord/0.0.28/modules/pending/discord_krisp-1.zip: 81%
2023-08-11T08:42:21.603Z [Modules] Streaming discord_krisp@1 to /home/manjack/.config/discord/0.0.28/modules/pending/discord_krisp-1.zip: 82%
2023-08-11T08:42:21.608Z [Modules] Streaming discord_krisp@1 to /home/manjack/.config/discord/0.0.28/modules/pending/discord_krisp-1.zip: 83%
2023-08-11T08:42:21.626Z [Modules] Streaming discord_krisp@1 to /home/manjack/.config/discord/0.0.28/modules/pending/discord_krisp-1.zip: 84%
2023-08-11T08:42:21.629Z [Modules] Streaming discord_krisp@1 to /home/manjack/.config/discord/0.0.28/modules/pending/discord_krisp-1.zip: 85%
2023-08-11T08:42:21.632Z [Modules] Streaming discord_krisp@1 to /home/manjack/.config/discord/0.0.28/modules/pending/discord_krisp-1.zip: 86%
2023-08-11T08:42:21.647Z [Modules] Streaming discord_krisp@1 to /home/manjack/.config/discord/0.0.28/modules/pending/discord_krisp-1.zip: 87%
2023-08-11T08:42:21.668Z [Modules] Streaming discord_krisp@1 to /home/manjack/.config/discord/0.0.28/modules/pending/discord_krisp-1.zip: 88%
2023-08-11T08:42:21.686Z [Modules] Streaming discord_krisp@1 to /home/manjack/.config/discord/0.0.28/modules/pending/discord_krisp-1.zip: 89%
2023-08-11T08:42:21.707Z [Modules] Streaming discord_krisp@1 to /home/manjack/.config/discord/0.0.28/modules/pending/discord_krisp-1.zip: 90%
2023-08-11T08:42:21.727Z [Modules] Streaming discord_krisp@1 to /home/manjack/.config/discord/0.0.28/modules/pending/discord_krisp-1.zip: 91%
2023-08-11T08:42:21.746Z [Modules] Streaming discord_krisp@1 to /home/manjack/.config/discord/0.0.28/modules/pending/discord_krisp-1.zip: 92%
2023-08-11T08:42:21.767Z [Modules] Streaming discord_krisp@1 to /home/manjack/.config/discord/0.0.28/modules/pending/discord_krisp-1.zip: 93%
2023-08-11T08:42:21.787Z [Modules] Streaming discord_krisp@1 to /home/manjack/.config/discord/0.0.28/modules/pending/discord_krisp-1.zip: 94%
2023-08-11T08:42:21.806Z [Modules] Streaming discord_krisp@1 to /home/manjack/.config/discord/0.0.28/modules/pending/discord_krisp-1.zip: 95%
2023-08-11T08:42:21.827Z [Modules] Streaming discord_krisp@1 to /home/manjack/.config/discord/0.0.28/modules/pending/discord_krisp-1.zip: 96%
2023-08-11T08:42:21.846Z [Modules] Streaming discord_krisp@1 to /home/manjack/.config/discord/0.0.28/modules/pending/discord_krisp-1.zip: 97%
2023-08-11T08:42:21.902Z [Modules] Streaming discord_krisp@1 to /home/manjack/.config/discord/0.0.28/modules/pending/discord_krisp-1.zip: 98%
2023-08-11T08:42:21.919Z [Modules] Streaming discord_krisp@1 to /home/manjack/.config/discord/0.0.28/modules/pending/discord_krisp-1.zip: 99%
2023-08-11T08:42:21.932Z [Modules] Streaming discord_krisp@1 to /home/manjack/.config/discord/0.0.28/modules/pending/discord_krisp-1.zip: 100%
2023-08-11T08:42:21.934Z [Modules] Fetching discord_game_utils@2 from https://discord.com/api/modules/stable/discord_game_utils/2
2023-08-11T08:42:21.934Z [Modules] Streaming discord_game_utils@2 to /home/manjack/.config/discord/0.0.28/modules/pending/discord_game_utils-2.zip
2023-08-11T08:42:21.934Z [Modules] Installing discord_krisp@1 from /home/manjack/.config/discord/0.0.28/modules/pending/discord_krisp-1.zip
2023-08-11T08:42:22.351Z [Modules] Finished module installations. [success: 1] [failure: 0]
2023-08-11T08:42:22.455Z [Modules] Streaming discord_game_utils@2 to /home/manjack/.config/discord/0.0.28/modules/pending/discord_game_utils-2.zip: 1%
2023-08-11T08:42:22.459Z [Modules] Streaming discord_game_utils@2 to /home/manjack/.config/discord/0.0.28/modules/pending/discord_game_utils-2.zip: 3%
2023-08-11T08:42:22.461Z [Modules] Streaming discord_game_utils@2 to /home/manjack/.config/discord/0.0.28/modules/pending/discord_game_utils-2.zip: 5%
2023-08-11T08:42:22.467Z [Modules] Streaming discord_game_utils@2 to /home/manjack/.config/discord/0.0.28/modules/pending/discord_game_utils-2.zip: 7%
2023-08-11T08:42:22.469Z [Modules] Streaming discord_game_utils@2 to /home/manjack/.config/discord/0.0.28/modules/pending/discord_game_utils-2.zip: 8%
2023-08-11T08:42:22.473Z [Modules] Streaming discord_game_utils@2 to /home/manjack/.config/discord/0.0.28/modules/pending/discord_game_utils-2.zip: 10%
2023-08-11T08:42:22.474Z [Modules] Streaming discord_game_utils@2 to /home/manjack/.config/discord/0.0.28/modules/pending/discord_game_utils-2.zip: 11%
2023-08-11T08:42:22.477Z [Modules] Streaming discord_game_utils@2 to /home/manjack/.config/discord/0.0.28/modules/pending/discord_game_utils-2.zip: 12%
2023-08-11T08:42:22.480Z [Modules] Streaming discord_game_utils@2 to /home/manjack/.config/discord/0.0.28/modules/pending/discord_game_utils-2.zip: 13%
2023-08-11T08:42:22.482Z [Modules] Streaming discord_game_utils@2 to /home/manjack/.config/discord/0.0.28/modules/pending/discord_game_utils-2.zip: 15%
2023-08-11T08:42:22.486Z [Modules] Streaming discord_game_utils@2 to /home/manjack/.config/discord/0.0.28/modules/pending/discord_game_utils-2.zip: 16%
2023-08-11T08:42:22.488Z [Modules] Streaming discord_game_utils@2 to /home/manjack/.config/discord/0.0.28/modules/pending/discord_game_utils-2.zip: 17%
2023-08-11T08:42:22.493Z [Modules] Streaming discord_game_utils@2 to /home/manjack/.config/discord/0.0.28/modules/pending/discord_game_utils-2.zip: 19%
2023-08-11T08:42:22.496Z [Modules] Streaming discord_game_utils@2 to /home/manjack/.config/discord/0.0.28/modules/pending/discord_game_utils-2.zip: 21%
2023-08-11T08:42:22.501Z [Modules] Streaming discord_game_utils@2 to /home/manjack/.config/discord/0.0.28/modules/pending/discord_game_utils-2.zip: 23%
2023-08-11T08:42:22.504Z [Modules] Streaming discord_game_utils@2 to /home/manjack/.config/discord/0.0.28/modules/pending/discord_game_utils-2.zip: 24%
2023-08-11T08:42:22.506Z [Modules] Streaming discord_game_utils@2 to /home/manjack/.config/discord/0.0.28/modules/pending/discord_game_utils-2.zip: 25%
2023-08-11T08:42:22.508Z [Modules] Streaming discord_game_utils@2 to /home/manjack/.config/discord/0.0.28/modules/pending/discord_game_utils-2.zip: 26%
2023-08-11T08:42:22.511Z [Modules] Streaming discord_game_utils@2 to /home/manjack/.config/discord/0.0.28/modules/pending/discord_game_utils-2.zip: 27%
2023-08-11T08:42:22.515Z [Modules] Streaming discord_game_utils@2 to /home/manjack/.config/discord/0.0.28/modules/pending/discord_game_utils-2.zip: 29%
2023-08-11T08:42:22.518Z [Modules] Streaming discord_game_utils@2 to /home/manjack/.config/discord/0.0.28/modules/pending/discord_game_utils-2.zip: 30%
2023-08-11T08:42:22.521Z [Modules] Streaming discord_game_utils@2 to /home/manjack/.config/discord/0.0.28/modules/pending/discord_game_utils-2.zip: 32%
2023-08-11T08:42:22.524Z [Modules] Streaming discord_game_utils@2 to /home/manjack/.config/discord/0.0.28/modules/pending/discord_game_utils-2.zip: 33%
2023-08-11T08:42:22.528Z [Modules] Streaming discord_game_utils@2 to /home/manjack/.config/discord/0.0.28/modules/pending/discord_game_utils-2.zip: 34%
2023-08-11T08:42:22.530Z [Modules] Streaming discord_game_utils@2 to /home/manjack/.config/discord/0.0.28/modules/pending/discord_game_utils-2.zip: 36%
2023-08-11T08:42:22.533Z [Modules] Streaming discord_game_utils@2 to /home/manjack/.config/discord/0.0.28/modules/pending/discord_game_utils-2.zip: 38%
2023-08-11T08:42:22.541Z [Modules] Streaming discord_game_utils@2 to /home/manjack/.config/discord/0.0.28/modules/pending/discord_game_utils-2.zip: 41%
2023-08-11T08:42:22.545Z [Modules] Streaming discord_game_utils@2 to /home/manjack/.config/discord/0.0.28/modules/pending/discord_game_utils-2.zip: 42%
2023-08-11T08:42:22.549Z [Modules] Streaming discord_game_utils@2 to /home/manjack/.config/discord/0.0.28/modules/pending/discord_game_utils-2.zip: 44%
2023-08-11T08:42:22.552Z [Modules] Streaming discord_game_utils@2 to /home/manjack/.config/discord/0.0.28/modules/pending/discord_game_utils-2.zip: 46%
2023-08-11T08:42:22.558Z [Modules] Streaming discord_game_utils@2 to /home/manjack/.config/discord/0.0.28/modules/pending/discord_game_utils-2.zip: 49%
2023-08-11T08:42:22.561Z [Modules] Streaming discord_game_utils@2 to /home/manjack/.config/discord/0.0.28/modules/pending/discord_game_utils-2.zip: 50%
2023-08-11T08:42:22.566Z [Modules] Streaming discord_game_utils@2 to /home/manjack/.config/discord/0.0.28/modules/pending/discord_game_utils-2.zip: 52%
2023-08-11T08:42:22.571Z [Modules] Streaming discord_game_utils@2 to /home/manjack/.config/discord/0.0.28/modules/pending/discord_game_utils-2.zip: 54%
2023-08-11T08:42:22.574Z [Modules] Streaming discord_game_utils@2 to /home/manjack/.config/discord/0.0.28/modules/pending/discord_game_utils-2.zip: 55%
2023-08-11T08:42:22.578Z [Modules] Streaming discord_game_utils@2 to /home/manjack/.config/discord/0.0.28/modules/pending/discord_game_utils-2.zip: 57%
2023-08-11T08:42:22.582Z [Modules] Streaming discord_game_utils@2 to /home/manjack/.config/discord/0.0.28/modules/pending/discord_game_utils-2.zip: 59%
2023-08-11T08:42:22.584Z [Modules] Streaming discord_game_utils@2 to /home/manjack/.config/discord/0.0.28/modules/pending/discord_game_utils-2.zip: 60%
2023-08-11T08:42:22.586Z [Modules] Streaming discord_game_utils@2 to /home/manjack/.config/discord/0.0.28/modules/pending/discord_game_utils-2.zip: 61%
2023-08-11T08:42:22.588Z [Modules] Streaming discord_game_utils@2 to /home/manjack/.config/discord/0.0.28/modules/pending/discord_game_utils-2.zip: 62%
2023-08-11T08:42:22.591Z [Modules] Streaming discord_game_utils@2 to /home/manjack/.config/discord/0.0.28/modules/pending/discord_game_utils-2.zip: 63%
2023-08-11T08:42:22.594Z [Modules] Streaming discord_game_utils@2 to /home/manjack/.config/discord/0.0.28/modules/pending/discord_game_utils-2.zip: 65%
2023-08-11T08:42:22.598Z [Modules] Streaming discord_game_utils@2 to /home/manjack/.config/discord/0.0.28/modules/pending/discord_game_utils-2.zip: 66%
2023-08-11T08:42:22.601Z [Modules] Streaming discord_game_utils@2 to /home/manjack/.config/discord/0.0.28/modules/pending/discord_game_utils-2.zip: 68%
2023-08-11T08:42:22.604Z [Modules] Streaming discord_game_utils@2 to /home/manjack/.config/discord/0.0.28/modules/pending/discord_game_utils-2.zip: 69%
2023-08-11T08:42:22.606Z [Modules] Streaming discord_game_utils@2 to /home/manjack/.config/discord/0.0.28/modules/pending/discord_game_utils-2.zip: 70%
2023-08-11T08:42:22.608Z [Modules] Streaming discord_game_utils@2 to /home/manjack/.config/discord/0.0.28/modules/pending/discord_game_utils-2.zip: 71%
2023-08-11T08:42:22.610Z [Modules] Streaming discord_game_utils@2 to /home/manjack/.config/discord/0.0.28/modules/pending/discord_game_utils-2.zip: 72%
2023-08-11T08:42:22.614Z [Modules] Streaming discord_game_utils@2 to /home/manjack/.config/discord/0.0.28/modules/pending/discord_game_utils-2.zip: 74%
2023-08-11T08:42:22.617Z [Modules] Streaming discord_game_utils@2 to /home/manjack/.config/discord/0.0.28/modules/pending/discord_game_utils-2.zip: 75%
2023-08-11T08:42:22.620Z [Modules] Streaming discord_game_utils@2 to /home/manjack/.config/discord/0.0.28/modules/pending/discord_game_utils-2.zip: 76%
2023-08-11T08:42:22.623Z [Modules] Streaming discord_game_utils@2 to /home/manjack/.config/discord/0.0.28/modules/pending/discord_game_utils-2.zip: 77%
2023-08-11T08:42:22.625Z [Modules] Streaming discord_game_utils@2 to /home/manjack/.config/discord/0.0.28/modules/pending/discord_game_utils-2.zip: 78%
2023-08-11T08:42:22.627Z [Modules] Streaming discord_game_utils@2 to /home/manjack/.config/discord/0.0.28/modules/pending/discord_game_utils-2.zip: 79%
2023-08-11T08:42:22.630Z [Modules] Streaming discord_game_utils@2 to /home/manjack/.config/discord/0.0.28/modules/pending/discord_game_utils-2.zip: 80%
2023-08-11T08:42:22.634Z [Modules] Streaming discord_game_utils@2 to /home/manjack/.config/discord/0.0.28/modules/pending/discord_game_utils-2.zip: 83%
2023-08-11T08:42:22.637Z [Modules] Streaming discord_game_utils@2 to /home/manjack/.config/discord/0.0.28/modules/pending/discord_game_utils-2.zip: 84%
2023-08-11T08:42:22.641Z [Modules] Streaming discord_game_utils@2 to /home/manjack/.config/discord/0.0.28/modules/pending/discord_game_utils-2.zip: 85%
2023-08-11T08:42:22.644Z [Modules] Streaming discord_game_utils@2 to /home/manjack/.config/discord/0.0.28/modules/pending/discord_game_utils-2.zip: 88%
2023-08-11T08:42:22.649Z [Modules] Streaming discord_game_utils@2 to /home/manjack/.config/discord/0.0.28/modules/pending/discord_game_utils-2.zip: 89%
2023-08-11T08:42:22.652Z [Modules] Streaming discord_game_utils@2 to /home/manjack/.config/discord/0.0.28/modules/pending/discord_game_utils-2.zip: 91%
2023-08-11T08:42:22.656Z [Modules] Streaming discord_game_utils@2 to /home/manjack/.config/discord/0.0.28/modules/pending/discord_game_utils-2.zip: 92%
2023-08-11T08:42:22.659Z [Modules] Streaming discord_game_utils@2 to /home/manjack/.config/discord/0.0.28/modules/pending/discord_game_utils-2.zip: 94%
2023-08-11T08:42:22.663Z [Modules] Streaming discord_game_utils@2 to /home/manjack/.config/discord/0.0.28/modules/pending/discord_game_utils-2.zip: 96%
2023-08-11T08:42:22.667Z [Modules] Streaming discord_game_utils@2 to /home/manjack/.config/discord/0.0.28/modules/pending/discord_game_utils-2.zip: 98%
2023-08-11T08:42:22.670Z [Modules] Streaming discord_game_utils@2 to /home/manjack/.config/discord/0.0.28/modules/pending/discord_game_utils-2.zip: 100%
2023-08-11T08:42:22.671Z [Modules] Fetching discord_rpc@1 from https://discord.com/api/modules/stable/discord_rpc/1
2023-08-11T08:42:22.671Z [Modules] Streaming discord_rpc@1 to /home/manjack/.config/discord/0.0.28/modules/pending/discord_rpc-1.zip
2023-08-11T08:42:22.671Z [Modules] Installing discord_game_utils@2 from /home/manjack/.config/discord/0.0.28/modules/pending/discord_game_utils-2.zip
2023-08-11T08:42:22.722Z [Modules] Finished module installations. [success: 1] [failure: 0]
2023-08-11T08:42:23.318Z [Modules] Streaming discord_rpc@1 to /home/manjack/.config/discord/0.0.28/modules/pending/discord_rpc-1.zip: 100%
2023-08-11T08:42:23.319Z [Modules] Finished module downloads. [success: 3] [failure: 0]
2023-08-11T08:42:23.319Z [Modules] Installing discord_rpc@1 from /home/manjack/.config/discord/0.0.28/modules/pending/discord_rpc-1.zip
2023-08-11T08:42:23.336Z [Modules] Finished module installations. [success: 1] [failure: 0]
2023-08-11T08:58:19.000Z [Modules] Modules initializing
2023-08-11T08:58:19.000Z [Modules] Distribution: remote
2023-08-11T08:58:19.000Z [Modules] Host updates: enabled
2023-08-11T08:58:19.000Z [Modules] Module updates: enabled
2023-08-11T08:58:19.001Z [Modules] Module install path: /home/manjack/.config/discord/0.0.28/modules
2023-08-11T08:58:19.001Z [Modules] Module installed file path: /home/manjack/.config/discord/0.0.28/modules/installed.json
2023-08-11T08:58:19.001Z [Modules] Module download path: /home/manjack/.config/discord/0.0.28/modules/pending
2023-08-11T08:58:19.140Z [Modules] No updates to install
2023-08-11T08:58:19.141Z [Modules] Checking for host updates.
2023-08-11T08:58:19.892Z [Modules] Host is up to date.
2023-08-11T08:58:19.892Z [Modules] Checking for module updates at https://discord.com/api/modules/stable/versions.json
2023-08-11T08:58:20.102Z [Modules] No module updates available.
2023-08-11T08:58:23.340Z [Modules] Checking for host updates.
2023-08-11T08:58:23.718Z [Modules] Host is up to date.
2023-08-11T08:58:23.718Z [Modules] Checking for module updates at https://discord.com/api/modules/stable/versions.json
2023-08-11T08:58:23.723Z [Modules] No module updates available.
2023-08-11T09:58:23.342Z [Modules] Checking for host updates.
2023-08-11T09:58:24.067Z [Modules] Host is up to date.
2023-08-11T09:58:24.067Z [Modules] Checking for module updates at https://discord.com/api/modules/stable/versions.json
2023-08-11T09:58:24.280Z [Modules] No module updates available.
2023-08-11T10:58:23.340Z [Modules] Checking for host updates.
2023-08-11T10:58:24.067Z [Modules] Host is up to date.
2023-08-11T10:58:24.067Z [Modules] Checking for module updates at https://discord.com/api/modules/stable/versions.json
2023-08-11T10:58:24.304Z [Modules] No module updates available.
2023-08-12T00:51:35.023Z [Modules] Modules initializing
2023-08-12T00:51:35.024Z [Modules] Distribution: remote
2023-08-12T00:51:35.024Z [Modules] Host updates: enabled
2023-08-12T00:51:35.024Z [Modules] Module updates: enabled
2023-08-12T00:51:35.025Z [Modules] Module install path: /home/manjack/.config/discord/0.0.28/modules
2023-08-12T00:51:35.025Z [Modules] Module installed file path: /home/manjack/.config/discord/0.0.28/modules/installed.json
2023-08-12T00:51:35.025Z [Modules] Module download path: /home/manjack/.config/discord/0.0.28/modules/pending
2023-08-12T00:51:35.220Z [Modules] No updates to install
2023-08-12T00:51:35.220Z [Modules] Checking for host updates.
2023-08-12T00:51:36.264Z [Modules] Host is up to date.
2023-08-12T00:51:36.264Z [Modules] Checking for module updates at https://discord.com/api/modules/stable/versions.json
2023-08-12T00:51:36.489Z [Modules] No module updates available.
2023-08-12T00:51:39.349Z [Modules] Checking for host updates.
2023-08-12T00:51:39.666Z [Modules] Host is up to date.
2023-08-12T00:51:39.666Z [Modules] Checking for module updates at https://discord.com/api/modules/stable/versions.json
2023-08-12T00:51:39.669Z [Modules] No module updates available.
2023-08-12T01:51:39.353Z [Modules] Checking for host updates.
2023-08-12T01:51:40.113Z [Modules] Host is up to date.
2023-08-12T01:51:40.113Z [Modules] Checking for module updates at https://discord.com/api/modules/stable/versions.json
2023-08-12T01:51:40.338Z [Modules] No module updates available.
2023-08-12T06:53:16.324Z [Modules] Modules initializing
2023-08-12T06:53:16.326Z [Modules] Distribution: remote
2023-08-12T06:53:16.326Z [Modules] Host updates: enabled
2023-08-12T06:53:16.326Z [Modules] Module updates: enabled
2023-08-12T06:53:16.326Z [Modules] Module install path: /home/manjack/.config/discord/0.0.28/modules
2023-08-12T06:53:16.326Z [Modules] Module installed file path: /home/manjack/.config/discord/0.0.28/modules/installed.json
2023-08-12T06:53:16.326Z [Modules] Module download path: /home/manjack/.config/discord/0.0.28/modules/pending
2023-08-12T06:53:16.511Z [Modules] No updates to install
2023-08-12T06:53:16.511Z [Modules] Checking for host updates.
2023-08-12T06:53:17.362Z [Modules] Host is up to date.
2023-08-12T06:53:17.363Z [Modules] Checking for module updates at https://discord.com/api/modules/stable/versions.json
2023-08-12T06:53:17.572Z [Modules] No module updates available.
2023-08-12T06:53:20.211Z [Modules] Checking for host updates.
2023-08-12T06:53:20.509Z [Modules] Host is up to date.
2023-08-12T06:53:20.509Z [Modules] Checking for module updates at https://discord.com/api/modules/stable/versions.json
2023-08-12T06:53:20.511Z [Modules] No module updates available.
