2023-08-12 13:16:59.120 [info] Log level: Info
2023-08-12 13:16:59.120 [info] Validating found git in: "git"
2023-08-12 13:16:59.120 [info] Using git "2.41.0" from "git"
2023-08-12 13:16:59.120 [info] > git rev-parse --show-toplevel [1ms]
2023-08-12 13:16:59.120 [info] fatal: not a git repository (or any of the parent directories): .git
2023-08-12 13:16:59.120 [info] > git rev-parse --show-toplevel [2ms]
2023-08-12 13:16:59.120 [info] fatal: not a git repository (or any of the parent directories): .git
2023-08-12 13:16:59.121 [info] > git rev-parse --show-toplevel [10ms]
2023-08-12 13:16:59.121 [info] fatal: not a git repository (or any of the parent directories): .git
2023-08-12 13:16:59.268 [info] > git rev-parse --show-toplevel [1ms]
2023-08-12 13:16:59.268 [info] fatal: not a git repository (or any of the parent directories): .git
2023-08-12 13:16:59.293 [info] > git rev-parse --show-toplevel [2ms]
2023-08-12 13:16:59.293 [info] fatal: not a git repository (or any of the parent directories): .git
2023-08-12 13:16:59.534 [info] > git rev-parse --show-toplevel [1ms]
2023-08-12 13:16:59.534 [info] fatal: not a git repository (or any of the parent directories): .git
2023-08-12 13:16:59.575 [info] > git rev-parse --show-toplevel [1ms]
2023-08-12 13:16:59.575 [info] fatal: not a git repository (or any of the parent directories): .git
2023-08-12 13:16:59.725 [info] > git rev-parse --show-toplevel [1ms]
2023-08-12 13:16:59.725 [info] fatal: not a git repository (or any of the parent directories): .git
2023-08-12 13:16:59.853 [info] > git rev-parse --show-toplevel [1ms]
2023-08-12 13:16:59.853 [info] fatal: not a git repository (or any of the parent directories): .git
2023-08-12 13:17:00.139 [info] > git rev-parse --show-toplevel [1ms]
2023-08-12 13:17:00.139 [info] fatal: not a git repository (or any of the parent directories): .git
2023-08-12 13:17:19.101 [info] > git rev-parse --show-toplevel [1ms]
2023-08-12 13:17:19.101 [info] fatal: not a git repository (or any of the parent directories): .git
2023-08-12 13:17:34.904 [info] > git rev-parse --show-toplevel [2ms]
2023-08-12 13:17:34.904 [info] fatal: not a git repository (or any of the parent directories): .git
2023-08-12 13:18:06.561 [info] > git rev-parse --show-toplevel [2ms]
2023-08-12 13:18:06.561 [info] fatal: not a git repository (or any of the parent directories): .git
