2023-08-11 16:59:56.527 [info] Getting Manifest... yzhang.markdown-all-in-one
2023-08-11 16:59:56.533 [info] Installing extension: yzhang.markdown-all-in-one
2023-08-11 16:59:59.211 [warning] Extension signature verification failed with error 'UnknownError': yzhang.markdown-all-in-one
2023-08-11 16:59:59.269 [info] Extracted extension to file:///home/manjack/.vscode/extensions/yzhang.markdown-all-in-one-3.5.1: yzhang.markdown-all-in-one
2023-08-11 16:59:59.271 [info] Renamed to /home/manjack/.vscode/extensions/yzhang.markdown-all-in-one-3.5.1
2023-08-11 16:59:59.273 [info] Extracting extension completed. yzhang.markdown-all-in-one
2023-08-11 16:59:59.279 [info] Extension installed successfully: yzhang.markdown-all-in-one
2023-08-11 17:08:41.775 [info] Getting Manifest... ms-vscode.cpptools-extension-pack
2023-08-11 17:08:41.779 [info] Installing extension: ms-vscode.cpptools-extension-pack
2023-08-11 17:08:43.396 [info] Getting Manifest... ms-vscode.cpptools
2023-08-11 17:08:43.691 [info] Getting Manifest... ms-vscode.cmake-tools
2023-08-11 17:08:44.199 [info] Getting Manifest... twxs.cmake
2023-08-11 17:08:45.086 [info] Getting Manifest... ms-vscode.cpptools-themes
2023-08-11 17:08:45.348 [info] Installing extension: ms-vscode.cpptools ms-vscode.cpptools-extension-pack
2023-08-11 17:08:45.348 [info] Installing extension: ms-vscode.cmake-tools ms-vscode.cpptools-extension-pack
2023-08-11 17:08:45.348 [info] Installing extension: twxs.cmake ms-vscode.cpptools-extension-pack
2023-08-11 17:08:45.348 [info] Installing extension: ms-vscode.cpptools-themes ms-vscode.cpptools-extension-pack
2023-08-11 17:08:48.911 [warning] Extension signature verification failed with error 'UnknownError': ms-vscode.cpptools-themes
2023-08-11 17:08:48.912 [warning] Extension signature verification failed with error 'UnknownError': ms-vscode.cmake-tools
2023-08-11 17:08:48.930 [info] Extracted extension to file:///home/manjack/.vscode/extensions/ms-vscode.cpptools-themes-2.0.0: ms-vscode.cpptools-themes
2023-08-11 17:08:48.932 [info] Renamed to /home/manjack/.vscode/extensions/ms-vscode.cpptools-themes-2.0.0
2023-08-11 17:08:48.934 [info] Extracting extension completed. ms-vscode.cpptools-themes
2023-08-11 17:08:49.058 [info] Extracted extension to file:///home/manjack/.vscode/extensions/ms-vscode.cmake-tools-1.15.31: ms-vscode.cmake-tools
2023-08-11 17:08:49.061 [info] Renamed to /home/manjack/.vscode/extensions/ms-vscode.cmake-tools-1.15.31
2023-08-11 17:08:49.064 [info] Extracting extension completed. ms-vscode.cmake-tools
2023-08-11 17:08:49.179 [warning] Extension signature verification failed with error 'UnknownError': twxs.cmake
2023-08-11 17:08:49.291 [info] Extracted extension to file:///home/manjack/.vscode/extensions/twxs.cmake-0.0.17: twxs.cmake
2023-08-11 17:08:49.304 [info] Renamed to /home/manjack/.vscode/extensions/twxs.cmake-0.0.17
2023-08-11 17:08:49.304 [info] Extracting extension completed. twxs.cmake
2023-08-11 17:08:58.317 [warning] Extension signature verification failed with error 'UnknownError': ms-vscode.cpptools
2023-08-11 17:09:00.108 [info] Extracted extension to file:///home/manjack/.vscode/extensions/ms-vscode.cpptools-1.16.3-linux-x64: ms-vscode.cpptools
2023-08-11 17:09:00.117 [info] Renamed to /home/manjack/.vscode/extensions/ms-vscode.cpptools-1.16.3-linux-x64
2023-08-11 17:09:00.125 [info] Extracting extension completed. ms-vscode.cpptools
2023-08-11 17:09:00.867 [warning] Extension signature verification failed with error 'UnknownError': ms-vscode.cpptools-extension-pack
2023-08-11 17:09:00.874 [info] Extracted extension to file:///home/manjack/.vscode/extensions/ms-vscode.cpptools-extension-pack-1.3.0: ms-vscode.cpptools-extension-pack
2023-08-11 17:09:00.876 [info] Renamed to /home/manjack/.vscode/extensions/ms-vscode.cpptools-extension-pack-1.3.0
2023-08-11 17:09:00.877 [info] Extracting extension completed. ms-vscode.cpptools-extension-pack
2023-08-11 17:09:00.884 [info] Extension installed successfully: ms-vscode.cpptools-themes
2023-08-11 17:09:00.884 [info] Extension installed successfully: ms-vscode.cmake-tools
2023-08-11 17:09:00.884 [info] Extension installed successfully: twxs.cmake
2023-08-11 17:09:00.884 [info] Extension installed successfully: ms-vscode.cpptools
2023-08-11 17:09:00.884 [info] Extension installed successfully: ms-vscode.cpptools-extension-pack
2023-08-11 17:09:23.205 [error] [uncaught exception in sharedProcess]: Cannot read properties of undefined (reading 'then'): TypeError: Cannot read properties of undefined (reading 'then')
    at w.s (/opt/visual-studio-code/resources/app/out/vs/code/node/sharedProcess/sharedProcessMain.js:26:4767)
    at w.q (/opt/visual-studio-code/resources/app/out/vs/code/node/sharedProcess/sharedProcessMain.js:26:4182)
    at c.value (/opt/visual-studio-code/resources/app/out/vs/code/node/sharedProcess/sharedProcessMain.js:26:3578)
    at y.w (/opt/visual-studio-code/resources/app/out/vs/code/node/sharedProcess/sharedProcessMain.js:21:1902)
    at y.x (/opt/visual-studio-code/resources/app/out/vs/code/node/sharedProcess/sharedProcessMain.js:21:1972)
    at y.fire (/opt/visual-studio-code/resources/app/out/vs/code/node/sharedProcess/sharedProcessMain.js:21:2188)
    at MessagePortMain.se (/opt/visual-studio-code/resources/app/out/vs/code/node/sharedProcess/sharedProcessMain.js:19:40508)
    at MessagePortMain.emit (node:events:513:28)
    at MessagePortMain._internalPort.emit (node:electron/js2c/utility_init:2:367)
2023-08-11 17:09:53.742 [error] [uncaught exception in sharedProcess]: Cannot read properties of undefined (reading 'then'): TypeError: Cannot read properties of undefined (reading 'then')
    at w.s (/opt/visual-studio-code/resources/app/out/vs/code/node/sharedProcess/sharedProcessMain.js:26:4767)
    at w.q (/opt/visual-studio-code/resources/app/out/vs/code/node/sharedProcess/sharedProcessMain.js:26:4182)
    at c.value (/opt/visual-studio-code/resources/app/out/vs/code/node/sharedProcess/sharedProcessMain.js:26:3578)
    at y.w (/opt/visual-studio-code/resources/app/out/vs/code/node/sharedProcess/sharedProcessMain.js:21:1902)
    at y.x (/opt/visual-studio-code/resources/app/out/vs/code/node/sharedProcess/sharedProcessMain.js:21:1972)
    at y.fire (/opt/visual-studio-code/resources/app/out/vs/code/node/sharedProcess/sharedProcessMain.js:21:2188)
    at MessagePortMain.se (/opt/visual-studio-code/resources/app/out/vs/code/node/sharedProcess/sharedProcessMain.js:19:40508)
    at MessagePortMain.emit (node:events:513:28)
    at MessagePortMain._internalPort.emit (node:electron/js2c/utility_init:2:367)
2023-08-11 17:10:43.274 [error] [uncaught exception in sharedProcess]: Cannot read properties of undefined (reading 'then'): TypeError: Cannot read properties of undefined (reading 'then')
    at w.s (/opt/visual-studio-code/resources/app/out/vs/code/node/sharedProcess/sharedProcessMain.js:26:4767)
    at w.q (/opt/visual-studio-code/resources/app/out/vs/code/node/sharedProcess/sharedProcessMain.js:26:4182)
    at c.value (/opt/visual-studio-code/resources/app/out/vs/code/node/sharedProcess/sharedProcessMain.js:26:3578)
    at y.w (/opt/visual-studio-code/resources/app/out/vs/code/node/sharedProcess/sharedProcessMain.js:21:1902)
    at y.x (/opt/visual-studio-code/resources/app/out/vs/code/node/sharedProcess/sharedProcessMain.js:21:1972)
    at y.fire (/opt/visual-studio-code/resources/app/out/vs/code/node/sharedProcess/sharedProcessMain.js:21:2188)
    at MessagePortMain.se (/opt/visual-studio-code/resources/app/out/vs/code/node/sharedProcess/sharedProcessMain.js:19:40508)
    at MessagePortMain.emit (node:events:513:28)
    at MessagePortMain._internalPort.emit (node:electron/js2c/utility_init:2:367)
2023-08-11 17:12:27.631 [error] [uncaught exception in sharedProcess]: Cannot read properties of undefined (reading 'then'): TypeError: Cannot read properties of undefined (reading 'then')
    at w.s (/opt/visual-studio-code/resources/app/out/vs/code/node/sharedProcess/sharedProcessMain.js:26:4767)
    at w.q (/opt/visual-studio-code/resources/app/out/vs/code/node/sharedProcess/sharedProcessMain.js:26:4182)
    at c.value (/opt/visual-studio-code/resources/app/out/vs/code/node/sharedProcess/sharedProcessMain.js:26:3578)
    at y.w (/opt/visual-studio-code/resources/app/out/vs/code/node/sharedProcess/sharedProcessMain.js:21:1902)
    at y.x (/opt/visual-studio-code/resources/app/out/vs/code/node/sharedProcess/sharedProcessMain.js:21:1972)
    at y.fire (/opt/visual-studio-code/resources/app/out/vs/code/node/sharedProcess/sharedProcessMain.js:21:2188)
    at MessagePortMain.se (/opt/visual-studio-code/resources/app/out/vs/code/node/sharedProcess/sharedProcessMain.js:19:40508)
    at MessagePortMain.emit (node:events:513:28)
    at MessagePortMain._internalPort.emit (node:electron/js2c/utility_init:2:367)
2023-08-11 17:16:20.283 [error] [uncaught exception in sharedProcess]: Cannot read properties of undefined (reading 'then'): TypeError: Cannot read properties of undefined (reading 'then')
    at w.s (/opt/visual-studio-code/resources/app/out/vs/code/node/sharedProcess/sharedProcessMain.js:26:4767)
    at w.q (/opt/visual-studio-code/resources/app/out/vs/code/node/sharedProcess/sharedProcessMain.js:26:4182)
    at c.value (/opt/visual-studio-code/resources/app/out/vs/code/node/sharedProcess/sharedProcessMain.js:26:3578)
    at y.w (/opt/visual-studio-code/resources/app/out/vs/code/node/sharedProcess/sharedProcessMain.js:21:1902)
    at y.x (/opt/visual-studio-code/resources/app/out/vs/code/node/sharedProcess/sharedProcessMain.js:21:1972)
    at y.fire (/opt/visual-studio-code/resources/app/out/vs/code/node/sharedProcess/sharedProcessMain.js:21:2188)
    at MessagePortMain.se (/opt/visual-studio-code/resources/app/out/vs/code/node/sharedProcess/sharedProcessMain.js:19:40508)
    at MessagePortMain.emit (node:events:513:28)
    at MessagePortMain._internalPort.emit (node:electron/js2c/utility_init:2:367)
2023-08-11 17:16:20.512 [error] [uncaught exception in sharedProcess]: Cannot read properties of undefined (reading 'then'): TypeError: Cannot read properties of undefined (reading 'then')
    at w.s (/opt/visual-studio-code/resources/app/out/vs/code/node/sharedProcess/sharedProcessMain.js:26:4767)
    at w.q (/opt/visual-studio-code/resources/app/out/vs/code/node/sharedProcess/sharedProcessMain.js:26:4182)
    at c.value (/opt/visual-studio-code/resources/app/out/vs/code/node/sharedProcess/sharedProcessMain.js:26:3578)
    at y.w (/opt/visual-studio-code/resources/app/out/vs/code/node/sharedProcess/sharedProcessMain.js:21:1902)
    at y.x (/opt/visual-studio-code/resources/app/out/vs/code/node/sharedProcess/sharedProcessMain.js:21:1972)
    at y.fire (/opt/visual-studio-code/resources/app/out/vs/code/node/sharedProcess/sharedProcessMain.js:21:2188)
    at MessagePortMain.se (/opt/visual-studio-code/resources/app/out/vs/code/node/sharedProcess/sharedProcessMain.js:19:40508)
    at MessagePortMain.emit (node:events:513:28)
    at MessagePortMain._internalPort.emit (node:electron/js2c/utility_init:2:367)
2023-08-11 17:16:28.486 [error] [uncaught exception in sharedProcess]: Cannot read properties of undefined (reading 'then'): TypeError: Cannot read properties of undefined (reading 'then')
    at w.s (/opt/visual-studio-code/resources/app/out/vs/code/node/sharedProcess/sharedProcessMain.js:26:4767)
    at w.q (/opt/visual-studio-code/resources/app/out/vs/code/node/sharedProcess/sharedProcessMain.js:26:4182)
    at c.value (/opt/visual-studio-code/resources/app/out/vs/code/node/sharedProcess/sharedProcessMain.js:26:3578)
    at y.w (/opt/visual-studio-code/resources/app/out/vs/code/node/sharedProcess/sharedProcessMain.js:21:1902)
    at y.x (/opt/visual-studio-code/resources/app/out/vs/code/node/sharedProcess/sharedProcessMain.js:21:1972)
    at y.fire (/opt/visual-studio-code/resources/app/out/vs/code/node/sharedProcess/sharedProcessMain.js:21:2188)
    at MessagePortMain.se (/opt/visual-studio-code/resources/app/out/vs/code/node/sharedProcess/sharedProcessMain.js:19:40508)
    at MessagePortMain.emit (node:events:513:28)
    at MessagePortMain._internalPort.emit (node:electron/js2c/utility_init:2:367)
2023-08-11 17:16:28.667 [error] [uncaught exception in sharedProcess]: Cannot read properties of undefined (reading 'then'): TypeError: Cannot read properties of undefined (reading 'then')
    at w.s (/opt/visual-studio-code/resources/app/out/vs/code/node/sharedProcess/sharedProcessMain.js:26:4767)
    at w.q (/opt/visual-studio-code/resources/app/out/vs/code/node/sharedProcess/sharedProcessMain.js:26:4182)
    at c.value (/opt/visual-studio-code/resources/app/out/vs/code/node/sharedProcess/sharedProcessMain.js:26:3578)
    at y.w (/opt/visual-studio-code/resources/app/out/vs/code/node/sharedProcess/sharedProcessMain.js:21:1902)
    at y.x (/opt/visual-studio-code/resources/app/out/vs/code/node/sharedProcess/sharedProcessMain.js:21:1972)
    at y.fire (/opt/visual-studio-code/resources/app/out/vs/code/node/sharedProcess/sharedProcessMain.js:21:2188)
    at MessagePortMain.se (/opt/visual-studio-code/resources/app/out/vs/code/node/sharedProcess/sharedProcessMain.js:19:40508)
    at MessagePortMain.emit (node:events:513:28)
    at MessagePortMain._internalPort.emit (node:electron/js2c/utility_init:2:367)
2023-08-11 17:17:52.366 [error] [uncaught exception in sharedProcess]: Cannot read properties of undefined (reading 'then'): TypeError: Cannot read properties of undefined (reading 'then')
    at w.s (/opt/visual-studio-code/resources/app/out/vs/code/node/sharedProcess/sharedProcessMain.js:26:4767)
    at w.q (/opt/visual-studio-code/resources/app/out/vs/code/node/sharedProcess/sharedProcessMain.js:26:4182)
    at c.value (/opt/visual-studio-code/resources/app/out/vs/code/node/sharedProcess/sharedProcessMain.js:26:3578)
    at y.w (/opt/visual-studio-code/resources/app/out/vs/code/node/sharedProcess/sharedProcessMain.js:21:1902)
    at y.x (/opt/visual-studio-code/resources/app/out/vs/code/node/sharedProcess/sharedProcessMain.js:21:1972)
    at y.fire (/opt/visual-studio-code/resources/app/out/vs/code/node/sharedProcess/sharedProcessMain.js:21:2188)
    at MessagePortMain.se (/opt/visual-studio-code/resources/app/out/vs/code/node/sharedProcess/sharedProcessMain.js:19:40508)
    at MessagePortMain.emit (node:events:513:28)
    at MessagePortMain._internalPort.emit (node:electron/js2c/utility_init:2:367)
2023-08-11 17:17:52.548 [error] [uncaught exception in sharedProcess]: Cannot read properties of undefined (reading 'then'): TypeError: Cannot read properties of undefined (reading 'then')
    at w.s (/opt/visual-studio-code/resources/app/out/vs/code/node/sharedProcess/sharedProcessMain.js:26:4767)
    at w.q (/opt/visual-studio-code/resources/app/out/vs/code/node/sharedProcess/sharedProcessMain.js:26:4182)
    at c.value (/opt/visual-studio-code/resources/app/out/vs/code/node/sharedProcess/sharedProcessMain.js:26:3578)
    at y.w (/opt/visual-studio-code/resources/app/out/vs/code/node/sharedProcess/sharedProcessMain.js:21:1902)
    at y.x (/opt/visual-studio-code/resources/app/out/vs/code/node/sharedProcess/sharedProcessMain.js:21:1972)
    at y.fire (/opt/visual-studio-code/resources/app/out/vs/code/node/sharedProcess/sharedProcessMain.js:21:2188)
    at MessagePortMain.se (/opt/visual-studio-code/resources/app/out/vs/code/node/sharedProcess/sharedProcessMain.js:19:40508)
    at MessagePortMain.emit (node:events:513:28)
    at MessagePortMain._internalPort.emit (node:electron/js2c/utility_init:2:367)
2023-08-11 17:19:05.090 [error] [uncaught exception in sharedProcess]: Cannot read properties of undefined (reading 'then'): TypeError: Cannot read properties of undefined (reading 'then')
    at w.s (/opt/visual-studio-code/resources/app/out/vs/code/node/sharedProcess/sharedProcessMain.js:26:4767)
    at w.q (/opt/visual-studio-code/resources/app/out/vs/code/node/sharedProcess/sharedProcessMain.js:26:4182)
    at c.value (/opt/visual-studio-code/resources/app/out/vs/code/node/sharedProcess/sharedProcessMain.js:26:3578)
    at y.w (/opt/visual-studio-code/resources/app/out/vs/code/node/sharedProcess/sharedProcessMain.js:21:1902)
    at y.x (/opt/visual-studio-code/resources/app/out/vs/code/node/sharedProcess/sharedProcessMain.js:21:1972)
    at y.fire (/opt/visual-studio-code/resources/app/out/vs/code/node/sharedProcess/sharedProcessMain.js:21:2188)
    at MessagePortMain.se (/opt/visual-studio-code/resources/app/out/vs/code/node/sharedProcess/sharedProcessMain.js:19:40508)
    at MessagePortMain.emit (node:events:513:28)
    at MessagePortMain._internalPort.emit (node:electron/js2c/utility_init:2:367)
2023-08-11 17:19:05.284 [error] [uncaught exception in sharedProcess]: Cannot read properties of undefined (reading 'then'): TypeError: Cannot read properties of undefined (reading 'then')
    at w.s (/opt/visual-studio-code/resources/app/out/vs/code/node/sharedProcess/sharedProcessMain.js:26:4767)
    at w.q (/opt/visual-studio-code/resources/app/out/vs/code/node/sharedProcess/sharedProcessMain.js:26:4182)
    at c.value (/opt/visual-studio-code/resources/app/out/vs/code/node/sharedProcess/sharedProcessMain.js:26:3578)
    at y.w (/opt/visual-studio-code/resources/app/out/vs/code/node/sharedProcess/sharedProcessMain.js:21:1902)
    at y.x (/opt/visual-studio-code/resources/app/out/vs/code/node/sharedProcess/sharedProcessMain.js:21:1972)
    at y.fire (/opt/visual-studio-code/resources/app/out/vs/code/node/sharedProcess/sharedProcessMain.js:21:2188)
    at MessagePortMain.se (/opt/visual-studio-code/resources/app/out/vs/code/node/sharedProcess/sharedProcessMain.js:19:40508)
    at MessagePortMain.emit (node:events:513:28)
    at MessagePortMain._internalPort.emit (node:electron/js2c/utility_init:2:367)
